[0.021s] Invoking command in '/home/thien/Documents/IE_ROS/Project_6/build/fun_numbers': AMENT_PREFIX_PATH=/home/thien/Documents/IE_ROS/Project_6/install/number_actions:${AMENT_PREFIX_PATH} CMAKE_PREFIX_PATH=/home/thien/Documents/IE_ROS/Project_6/install/number_actions:/opt/ros/humble LD_LIBRARY_PATH=/home/thien/Documents/IE_ROS/Project_6/install/number_actions/lib:${LD_LIBRARY_PATH} /usr/bin/cmake /home/thien/Documents/IE_ROS/Project_6/src/fun_numbers -DCMAKE_INSTALL_PREFIX=/home/thien/Documents/IE_ROS/Project_6/install/fun_numbers
[0.049s] -- Found ament_cmake: 1.3.8 (/opt/ros/humble/share/ament_cmake/cmake)
[0.339s] -- Found rclcpp: 16.0.8 (/opt/ros/humble/share/rclcpp/cmake)
[0.430s] -- Found rosidl_generator_c: 3.1.5 (/opt/ros/humble/share/rosidl_generator_c/cmake)
[0.435s] -- Found rosidl_adapter: 3.1.5 (/opt/ros/humble/share/rosidl_adapter/cmake)
[0.446s] -- Found rosidl_generator_cpp: 3.1.5 (/opt/ros/humble/share/rosidl_generator_cpp/cmake)
[0.466s] -- Using all available rosidl_typesupport_c: rosidl_typesupport_fastrtps_c;rosidl_typesupport_introspection_c
[0.506s] -- Using all available rosidl_typesupport_cpp: rosidl_typesupport_fastrtps_cpp;rosidl_typesupport_introspection_cpp
[0.633s] -- Found rmw_implementation_cmake: 6.1.1 (/opt/ros/humble/share/rmw_implementation_cmake/cmake)
[0.635s] -- Found rmw_fastrtps_cpp: 6.2.6 (/opt/ros/humble/share/rmw_fastrtps_cpp/cmake)
[0.924s] -- Using RMW implementation 'rmw_fastrtps_cpp' as default
[1.266s] -- Found rclcpp_action: 16.0.8 (/opt/ros/humble/share/rclcpp_action/cmake)
[1.461s] -- Found rclcpp_components: 16.0.8 (/opt/ros/humble/share/rclcpp_components/cmake)
[1.571s] -- Found number_actions: 0.0.0 (/home/thien/Documents/IE_ROS/Project_6/install/number_actions/share/number_actions/cmake)
[1.898s] -- Configuring done
[1.950s] -- Generating done
[1.954s] -- Build files have been written to: /home/thien/Documents/IE_ROS/Project_6/build/fun_numbers
[1.976s] Invoked command in '/home/thien/Documents/IE_ROS/Project_6/build/fun_numbers' returned '0': AMENT_PREFIX_PATH=/home/thien/Documents/IE_ROS/Project_6/install/number_actions:${AMENT_PREFIX_PATH} CMAKE_PREFIX_PATH=/home/thien/Documents/IE_ROS/Project_6/install/number_actions:/opt/ros/humble LD_LIBRARY_PATH=/home/thien/Documents/IE_ROS/Project_6/install/number_actions/lib:${LD_LIBRARY_PATH} /usr/bin/cmake /home/thien/Documents/IE_ROS/Project_6/src/fun_numbers -DCMAKE_INSTALL_PREFIX=/home/thien/Documents/IE_ROS/Project_6/install/fun_numbers
[1.980s] Invoking command in '/home/thien/Documents/IE_ROS/Project_6/build/fun_numbers': AMENT_PREFIX_PATH=/home/thien/Documents/IE_ROS/Project_6/install/number_actions:${AMENT_PREFIX_PATH} CMAKE_PREFIX_PATH=/home/thien/Documents/IE_ROS/Project_6/install/number_actions:/opt/ros/humble LD_LIBRARY_PATH=/home/thien/Documents/IE_ROS/Project_6/install/number_actions/lib:${LD_LIBRARY_PATH} /usr/bin/cmake --build /home/thien/Documents/IE_ROS/Project_6/build/fun_numbers -- -j8 -l8
[2.114s] [ 50%] [32mBuilding CXX object CMakeFiles/fibonacci_client.dir/src/fibonacci_client.cpp.o[0m
[2.115s] [ 50%] [32mBuilding CXX object CMakeFiles/fibonacci_server.dir/src/fibonacci_server.cpp.o[0m
[8.130s] [01m[K/home/thien/Documents/IE_ROS/Project_6/src/fun_numbers/src/fibonacci_client.cpp:6:19:[m[K [01;31m[Kerror: [m[Kâ€˜[01m[Kfun_number[m[Kâ€™ does not name a type
[8.130s]     6 | using Fibonacci = [01;31m[Kfun_number[m[K::action::Fibonacci;
[8.130s]       |                   [01;31m[K^~~~~~~~~~[m[K
[8.132s] [01m[K/home/thien/Documents/IE_ROS/Project_6/src/fun_numbers/src/fibonacci_client.cpp:61:27:[m[K [01;31m[Kerror: [m[Kâ€˜[01m[KFibonacci[m[Kâ€™ was not declared in this scope; did you mean â€˜[01m[Knumber_actions::action::Fibonacci[m[Kâ€™?
[8.132s]    61 |     rclcpp_action::Client<[01;31m[KFibonacci[m[K>::SharedPtr client_;
[8.132s]       |                           [01;31m[K^~~~~~~~~[m[K
[8.133s]       |                           [32m[Knumber_actions::action::Fibonacci[m[K
[8.133s] In file included from [01m[K/home/thien/Documents/IE_ROS/Project_6/install/number_actions/include/number_actions/number_actions/action/fibonacci.hpp:7[m[K,
[8.133s]                  from [01m[K/home/thien/Documents/IE_ROS/Project_6/src/fun_numbers/src/fibonacci_client.cpp:2[m[K:
[8.133s] [01m[K/home/thien/Documents/IE_ROS/Project_6/install/number_actions/include/number_actions/number_actions/action/detail/fibonacci__struct.hpp:1041:26:[m[K [01;36m[Knote: [m[Kâ€˜[01m[Knumber_actions::action::Fibonacci[m[Kâ€™ declared here
[8.134s]  1041 | typedef struct Fibonacci [01;36m[KFibonacci[m[K;
[8.134s]       |                          [01;36m[K^~~~~~~~~[m[K
[8.134s] [01m[K/home/thien/Documents/IE_ROS/Project_6/src/fun_numbers/src/fibonacci_client.cpp:61:36:[m[K [01;31m[Kerror: [m[Ktemplate argument 1 is invalid
[8.134s]    61 |     rclcpp_action::Client<Fibonacci[01;31m[K>[m[K::SharedPtr client_;
[8.134s]       |                                    [01;31m[K^[m[K
[8.135s] [01m[K/home/thien/Documents/IE_ROS/Project_6/src/fun_numbers/src/fibonacci_client.cpp:61:39:[m[K [01;31m[Kerror: [m[Kexpected â€˜[01m[K;[m[Kâ€™ at end of member declaration
[8.135s]    61 |     rclcpp_action::Client<Fibonacci>::[01;31m[KSharedPtr[m[K client_;
[8.135s]       |                                       [01;31m[K^~~~~~~~~[m[K
[8.135s]       |                                                [32m[K;[m[K
[8.137s] [01m[K/home/thien/Documents/IE_ROS/Project_6/src/fun_numbers/src/fibonacci_client.cpp:61:49:[m[K [01;31m[Kerror: [m[Kâ€˜[01m[Kclient_[m[Kâ€™ does not name a type
[8.138s]    61 |     rclcpp_action::Client<Fibonacci>::SharedPtr [01;31m[Kclient_[m[K;
[8.138s]       |                                                 [01;31m[K^~~~~~~[m[K
[8.155s] [01m[K/home/thien/Documents/IE_ROS/Project_6/src/fun_numbers/src/fibonacci_client.cpp:[m[K In constructor â€˜[01m[KFibonacciClient::FibonacciClient(const string&)[m[Kâ€™:
[8.155s] [01m[K/home/thien/Documents/IE_ROS/Project_6/src/fun_numbers/src/fibonacci_client.cpp:12:9:[m[K [01;31m[Kerror: [m[Kâ€˜[01m[Kclient_[m[Kâ€™ was not declared in this scope
[8.155s]    12 |         [01;31m[Kclient_[m[K = rclcpp_action::create_client<Fibonacci>(
[8.156s]       |         [01;31m[K^~~~~~~[m[K
[8.157s] [01m[K/home/thien/Documents/IE_ROS/Project_6/src/fun_numbers/src/fibonacci_client.cpp:12:48:[m[K [01;31m[Kerror: [m[Kâ€˜[01m[KFibonacci[m[Kâ€™ was not declared in this scope; did you mean â€˜[01m[Knumber_actions::action::Fibonacci[m[Kâ€™?
[8.157s]    12 |         client_ = rclcpp_action::create_client<[01;31m[KFibonacci[m[K>(
[8.157s]       |                                                [01;31m[K^~~~~~~~~[m[K
[8.158s]       |                                                [32m[Knumber_actions::action::Fibonacci[m[K
[8.158s] In file included from [01m[K/home/thien/Documents/IE_ROS/Project_6/install/number_actions/include/number_actions/number_actions/action/fibonacci.hpp:7[m[K,
[8.158s]                  from [01m[K/home/thien/Documents/IE_ROS/Project_6/src/fun_numbers/src/fibonacci_client.cpp:2[m[K:
[8.158s] [01m[K/home/thien/Documents/IE_ROS/Project_6/install/number_actions/include/number_actions/number_actions/action/detail/fibonacci__struct.hpp:1041:26:[m[K [01;36m[Knote: [m[Kâ€˜[01m[Knumber_actions::action::Fibonacci[m[Kâ€™ declared here
[8.158s]  1041 | typedef struct Fibonacci [01;36m[KFibonacci[m[K;
[8.159s]       |                          [01;36m[K^~~~~~~~~[m[K
[8.159s] [01m[K/home/thien/Documents/IE_ROS/Project_6/src/fun_numbers/src/fibonacci_client.cpp:12:58:[m[K [01;31m[Kerror: [m[Kno matching function for call to â€˜[01m[Kcreate_client<<expression error> >(FibonacciClient*, std::string&)[m[Kâ€™
[8.159s]    12 |         client_ = [01;31m[Krclcpp_action::create_client<Fibonacci>([m[K
[8.159s]       |                   [01;31m[K~~~~~~~~~~~~~~~~~~~~~~~~~~~~~~~~~~~~~~~^[m[K
[8.160s]    13 | [01;31m[K            this,[m[K
[8.160s]       |             [01;31m[K~~~~~[m[K                                         
[8.160s]    14 | [01;31m[K            action_name_)[m[K;
[8.160s]       |             [01;31m[K~~~~~~~~~~~~~[m[K                                 
[8.160s] In file included from [01m[K/opt/ros/humble/include/rclcpp_action/rclcpp_action/rclcpp_action.hpp:38[m[K,
[8.161s]                  from [01m[K/home/thien/Documents/IE_ROS/Project_6/src/fun_numbers/src/fibonacci_client.cpp:4[m[K:
[8.161s] [01m[K/opt/ros/humble/include/rclcpp_action/rclcpp_action/create_client.hpp:44:1:[m[K [01;36m[Knote: [m[Kcandidate: â€˜[01m[Ktemplate<class ActionT> typename rclcpp_action::Client<ActionT>::SharedPtr rclcpp_action::create_client(rclcpp::node_interfaces::NodeBaseInterface::SharedPtr, rclcpp::node_interfaces::NodeGraphInterface::SharedPtr, rclcpp::node_interfaces::NodeLoggingInterface::SharedPtr, rclcpp::node_interfaces::NodeWaitablesInterface::SharedPtr, const string&, rclcpp::CallbackGroup::SharedPtr, const rcl_action_client_options_t&)[m[Kâ€™
[8.161s]    44 | [01;36m[Kcreate_client[m[K(
[8.161s]       | [01;36m[K^~~~~~~~~~~~~[m[K
[8.162s] [01m[K/opt/ros/humble/include/rclcpp_action/rclcpp_action/create_client.hpp:44:1:[m[K [01;36m[Knote: [m[K  template argument deduction/substitution failed:
[8.162s] [01m[K/home/thien/Documents/IE_ROS/Project_6/src/fun_numbers/src/fibonacci_client.cpp:12:58:[m[K [01;31m[Kerror: [m[Ktemplate argument 1 is invalid
[8.162s]    12 |         client_ = [01;31m[Krclcpp_action::create_client<Fibonacci>([m[K
[8.162s]       |                   [01;31m[K~~~~~~~~~~~~~~~~~~~~~~~~~~~~~~~~~~~~~~~^[m[K
[8.162s]    13 | [01;31m[K            this,[m[K
[8.163s]       |             [01;31m[K~~~~~[m[K                                         
[8.163s]    14 | [01;31m[K            action_name_)[m[K;
[8.163s]       |             [01;31m[K~~~~~~~~~~~~~[m[K                                 
[8.163s] In file included from [01m[K/opt/ros/humble/include/rclcpp_action/rclcpp_action/rclcpp_action.hpp:38[m[K,
[8.163s]                  from [01m[K/home/thien/Documents/IE_ROS/Project_6/src/fun_numbers/src/fibonacci_client.cpp:4[m[K:
[8.164s] [01m[K/opt/ros/humble/include/rclcpp_action/rclcpp_action/create_client.hpp:105:1:[m[K [01;36m[Knote: [m[Kcandidate: â€˜[01m[Ktemplate<class ActionT, class NodeT> typename rclcpp_action::Client<ActionT>::SharedPtr rclcpp_action::create_client(NodeT, const string&, rclcpp::CallbackGroup::SharedPtr, const rcl_action_client_options_t&)[m[Kâ€™
[8.164s]   105 | [01;36m[Kcreate_client[m[K(
[8.164s]       | [01;36m[K^~~~~~~~~~~~~[m[K
[8.164s] [01m[K/opt/ros/humble/include/rclcpp_action/rclcpp_action/create_client.hpp:105:1:[m[K [01;36m[Knote: [m[K  template argument deduction/substitution failed:
[8.164s] [01m[K/home/thien/Documents/IE_ROS/Project_6/src/fun_numbers/src/fibonacci_client.cpp:12:58:[m[K [01;31m[Kerror: [m[Ktemplate argument 1 is invalid
[8.165s]    12 |         client_ = [01;31m[Krclcpp_action::create_client<Fibonacci>([m[K
[8.165s]       |                   [01;31m[K~~~~~~~~~~~~~~~~~~~~~~~~~~~~~~~~~~~~~~~^[m[K
[8.166s]    13 | [01;31m[K            this,[m[K
[8.166s]       |             [01;31m[K~~~~~[m[K                                         
[8.166s]    14 | [01;31m[K            action_name_)[m[K;
[8.166s]       |             [01;31m[K~~~~~~~~~~~~~[m[K                                 
[8.178s] [01m[K/home/thien/Documents/IE_ROS/Project_6/src/fun_numbers/src/fibonacci_client.cpp:[m[K In member function â€˜[01m[Kbool FibonacciClient::send_goal(int)[m[Kâ€™:
[8.180s] [01m[K/home/thien/Documents/IE_ROS/Project_6/src/fun_numbers/src/fibonacci_client.cpp:19:14:[m[K [01;31m[Kerror: [m[Kâ€˜[01m[Kclient_[m[Kâ€™ was not declared in this scope
[8.181s]    19 |         if (![01;31m[Kclient_[m[K->wait_for_action_server(std::chrono::seconds(10))) {
[8.182s]       |              [01;31m[K^~~~~~~[m[K
[8.182s] [01m[K/home/thien/Documents/IE_ROS/Project_6/src/fun_numbers/src/fibonacci_client.cpp:24:25:[m[K [01;31m[Kerror: [m[Kâ€˜[01m[KFibonacci[m[Kâ€™ has not been declared
[8.183s]    24 |         auto goal_msg = [01;31m[KFibonacci[m[K::Goal();
[8.184s]       |                         [01;31m[K^~~~~~~~~[m[K
[8.185s] [01m[K/home/thien/Documents/IE_ROS/Project_6/src/fun_numbers/src/fibonacci_client.cpp:27:56:[m[K [01;31m[Kerror: [m[Kâ€˜[01m[KFibonacci[m[Kâ€™ was not declared in this scope; did you mean â€˜[01m[Knumber_actions::action::Fibonacci[m[Kâ€™?
[8.186s]    27 |         auto send_goal_options = rclcpp_action::Client<[01;31m[KFibonacci[m[K>::SendGoalOptions();
[8.186s]       |                                                        [01;31m[K^~~~~~~~~[m[K
[8.186s]       |                                                        [32m[Knumber_actions::action::Fibonacci[m[K
[8.187s] In file included from [01m[K/home/thien/Documents/IE_ROS/Project_6/install/number_actions/include/number_actions/number_actions/action/fibonacci.hpp:7[m[K,
[8.187s]                  from [01m[K/home/thien/Documents/IE_ROS/Project_6/src/fun_numbers/src/fibonacci_client.cpp:2[m[K:
[8.187s] [01m[K/home/thien/Documents/IE_ROS/Project_6/install/number_actions/include/number_actions/number_actions/action/detail/fibonacci__struct.hpp:1041:26:[m[K [01;36m[Knote: [m[Kâ€˜[01m[Knumber_actions::action::Fibonacci[m[Kâ€™ declared here
[8.188s]  1041 | typedef struct Fibonacci [01;36m[KFibonacci[m[K;
[8.188s]       |                          [01;36m[K^~~~~~~~~[m[K
[8.189s] [01m[K/home/thien/Documents/IE_ROS/Project_6/src/fun_numbers/src/fibonacci_client.cpp:27:65:[m[K [01;31m[Kerror: [m[Ktemplate argument 1 is invalid
[8.189s]    27 |         auto send_goal_options = rclcpp_action::Client<Fibonacci[01;31m[K>[m[K::SendGoalOptions();
[8.189s]       |                                                                 [01;31m[K^[m[K
[8.201s] [01m[K/home/thien/Documents/IE_ROS/Project_6/src/fun_numbers/src/fibonacci_client.cpp:55:9:[m[K [01;31m[Kerror: [m[Kâ€˜[01m[Kclient_[m[Kâ€™ was not declared in this scope
[8.202s]    55 |         [01;31m[Kclient_[m[K->async_send_goal(goal_msg, send_goal_options);
[8.202s]       |         [01;31m[K^~~~~~~[m[K
[8.365s] [01m[K/home/thien/Documents/IE_ROS/Project_6/src/fun_numbers/src/fibonacci_server.cpp:6:19:[m[K [01;31m[Kerror: [m[Kâ€˜[01m[Kfun_number[m[Kâ€™ does not name a type
[8.366s]     6 | using Fibonacci = [01;31m[Kfun_number[m[K::action::Fibonacci;
[8.367s]       |                   [01;31m[K^~~~~~~~~~[m[K
[8.367s] [01m[K/home/thien/Documents/IE_ROS/Project_6/src/fun_numbers/src/fibonacci_server.cpp:27:25:[m[K [01;31m[Kerror: [m[Kâ€˜[01m[KFibonacci[m[Kâ€™ was not declared in this scope; did you mean â€˜[01m[Knumber_actions::action::Fibonacci[m[Kâ€™?
[8.368s]    27 |   rclcpp_action::Server<[01;31m[KFibonacci[m[K>::SharedPtr server_;
[8.368s]       |                         [01;31m[K^~~~~~~~~[m[K
[8.368s]       |                         [32m[Knumber_actions::action::Fibonacci[m[K
[8.369s] In file included from [01m[K/home/thien/Documents/IE_ROS/Project_6/install/number_actions/include/number_actions/number_actions/action/fibonacci.hpp:7[m[K,
[8.369s]                  from [01m[K/home/thien/Documents/IE_ROS/Project_6/src/fun_numbers/src/fibonacci_server.cpp:4[m[K:
[8.369s] [01m[K/home/thien/Documents/IE_ROS/Project_6/install/number_actions/include/number_actions/number_actions/action/detail/fibonacci__struct.hpp:1041:26:[m[K [01;36m[Knote: [m[Kâ€˜[01m[Knumber_actions::action::Fibonacci[m[Kâ€™ declared here
[8.369s]  1041 | typedef struct Fibonacci [01;36m[KFibonacci[m[K;
[8.370s]       |                          [01;36m[K^~~~~~~~~[m[K
[8.370s] [01m[K/home/thien/Documents/IE_ROS/Project_6/src/fun_numbers/src/fibonacci_server.cpp:27:34:[m[K [01;31m[Kerror: [m[Ktemplate argument 1 is invalid
[8.370s]    27 |   rclcpp_action::Server<Fibonacci[01;31m[K>[m[K::SharedPtr server_;
[8.370s]       |                                  [01;31m[K^[m[K
[8.371s] [01m[K/home/thien/Documents/IE_ROS/Project_6/src/fun_numbers/src/fibonacci_server.cpp:27:37:[m[K [01;31m[Kerror: [m[Kexpected â€˜[01m[K;[m[Kâ€™ at end of member declaration
[8.371s]    27 |   rclcpp_action::Server<Fibonacci>::[01;31m[KSharedPtr[m[K server_;
[8.371s]       |                                     [01;31m[K^~~~~~~~~[m[K
[8.372s]       |                                              [32m[K;[m[K
[8.373s] [01m[K/home/thien/Documents/IE_ROS/Project_6/src/fun_numbers/src/fibonacci_server.cpp:27:47:[m[K [01;31m[Kerror: [m[Kâ€˜[01m[Kserver_[m[Kâ€™ does not name a type
[8.374s]    27 |   rclcpp_action::Server<Fibonacci>::SharedPtr [01;31m[Kserver_[m[K;
[8.374s]       |                                               [01;31m[K^~~~~~~[m[K
[8.376s] [01m[K/home/thien/Documents/IE_ROS/Project_6/src/fun_numbers/src/fibonacci_server.cpp:30:61:[m[K [01;31m[Kerror: [m[Kâ€˜[01m[KFibonacci[m[Kâ€™ was not declared in this scope; did you mean â€˜[01m[Knumber_actions::action::Fibonacci[m[Kâ€™?
[8.377s]    30 |       const std::shared_ptr<rclcpp_action::ServerGoalHandle<[01;31m[KFibonacci[m[K>> goal_handle)
[8.377s]       |                                                             [01;31m[K^~~~~~~~~[m[K
[8.377s]       |                                                             [32m[Knumber_actions::action::Fibonacci[m[K
[8.377s] In file included from [01m[K/home/thien/Documents/IE_ROS/Project_6/install/number_actions/include/number_actions/number_actions/action/fibonacci.hpp:7[m[K,
[8.378s]                  from [01m[K/home/thien/Documents/IE_ROS/Project_6/src/fun_numbers/src/fibonacci_server.cpp:4[m[K:
[8.379s] [01m[K/home/thien/Documents/IE_ROS/Project_6/install/number_actions/include/number_actions/number_actions/action/detail/fibonacci__struct.hpp:1041:26:[m[K [01;36m[Knote: [m[Kâ€˜[01m[Knumber_actions::action::Fibonacci[m[Kâ€™ declared here
[8.380s]  1041 | typedef struct Fibonacci [01;36m[KFibonacci[m[K;
[8.380s]       |                          [01;36m[K^~~~~~~~~[m[K
[8.381s] [01m[K/home/thien/Documents/IE_ROS/Project_6/src/fun_numbers/src/fibonacci_server.cpp:30:61:[m[K [01;31m[Kerror: [m[Ktemplate argument 1 is invalid
[8.381s]    30 |       const std::shared_ptr<rclcpp_action::ServerGoalHandle<[01;31m[KFibonacci[m[K>> goal_handle)
[8.382s]       |                                                             [01;31m[K^~~~~~~~~[m[K
[8.383s] [01m[K/home/thien/Documents/IE_ROS/Project_6/src/fun_numbers/src/fibonacci_server.cpp:30:70:[m[K [01;31m[Kerror: [m[Ktemplate argument 1 is invalid
[8.383s]    30 |       const std::shared_ptr<rclcpp_action::ServerGoalHandle<Fibonacci[01;31m[K>>[m[K goal_handle)
[8.384s]       |                                                                      [01;31m[K^~[m[K
[8.384s] [01m[K/home/thien/Documents/IE_ROS/Project_6/src/fun_numbers/src/fibonacci_server.cpp:39:38:[m[K [01;31m[Kerror: [m[KISO C++ forbids declaration of â€˜[01m[Ktype name[m[Kâ€™ with no type [[01;31m[K]8;;https://gcc.gnu.org/onlinedocs/gcc/Warning-Options.html#index-fpermissive-fpermissive]8;;[m[K]
[8.384s]    39 |       std::shared_ptr<const Fibonacci[01;31m[K::[m[KGoal> goal)
[8.384s]       |                                      [01;31m[K^~[m[K
[8.384s] [01m[K/home/thien/Documents/IE_ROS/Project_6/src/fun_numbers/src/fibonacci_server.cpp:39:44:[m[K [01;31m[Kerror: [m[Ktemplate argument 1 is invalid
[8.385s]    39 |       std::shared_ptr<const Fibonacci::Goal[01;31m[K>[m[K goal)
[8.385s]       |                                            [01;31m[K^[m[K
[8.385s] [01m[K/home/thien/Documents/IE_ROS/Project_6/src/fun_numbers/src/fibonacci_server.cpp:39:38:[m[K [01;31m[Kerror: [m[KISO C++ forbids declaration of â€˜[01m[Ktype name[m[Kâ€™ with no type [[01;31m[K]8;;https://gcc.gnu.org/onlinedocs/gcc/Warning-Options.html#index-fpermissive-fpermissive]8;;[m[K]
[8.385s]    39 |       std::shared_ptr<const Fibonacci[01;31m[K::[m[KGoal> goal)
[8.386s]       |                                      [01;31m[K^~[m[K
[8.386s] [01m[K/home/thien/Documents/IE_ROS/Project_6/src/fun_numbers/src/fibonacci_server.cpp:39:44:[m[K [01;31m[Kerror: [m[Ktemplate argument 1 is invalid
[8.386s]    39 |       std::shared_ptr<const Fibonacci::Goal[01;31m[K>[m[K goal)
[8.387s]       |                                            [01;31m[K^[m[K
[8.387s] [01m[K/home/thien/Documents/IE_ROS/Project_6/src/fun_numbers/src/fibonacci_server.cpp:39:38:[m[K [01;31m[Kerror: [m[KISO C++ forbids declaration of â€˜[01m[Ktype name[m[Kâ€™ with no type [[01;31m[K]8;;https://gcc.gnu.org/onlinedocs/gcc/Warning-Options.html#index-fpermissive-fpermissive]8;;[m[K]
[8.387s]    39 |       std::shared_ptr<const Fibonacci[01;31m[K::[m[KGoal> goal)
[8.387s]       |                                      [01;31m[K^~[m[K
[8.387s] [01m[K/home/thien/Documents/IE_ROS/Project_6/src/fun_numbers/src/fibonacci_server.cpp:39:44:[m[K [01;31m[Kerror: [m[Ktemplate argument 1 is invalid
[8.388s]    39 |       std::shared_ptr<const Fibonacci::Goal[01;31m[K>[m[K goal)
[8.388s]       |                                            [01;31m[K^[m[K
[8.388s] [01m[K/home/thien/Documents/IE_ROS/Project_6/src/fun_numbers/src/fibonacci_server.cpp:39:7:[m[K [01;31m[Kerror: [m[Kinvalid template-id
[8.389s]    39 |       [01;31m[Kstd[m[K::shared_ptr<const Fibonacci::Goal> goal)
[8.389s]       |       [01;31m[K^~~[m[K
[8.389s] [01m[K/home/thien/Documents/IE_ROS/Project_6/src/fun_numbers/src/fibonacci_server.cpp:39:38:[m[K [01;31m[Kerror: [m[KISO C++ forbids declaration of â€˜[01m[Ktype name[m[Kâ€™ with no type [[01;31m[K]8;;https://gcc.gnu.org/onlinedocs/gcc/Warning-Options.html#index-fpermissive-fpermissive]8;;[m[K]
[8.389s]    39 |       std::shared_ptr<const Fibonacci[01;31m[K::[m[KGoal> goal)
[8.389s]       |                                      [01;31m[K^~[m[K
[8.390s] [01m[K/home/thien/Documents/IE_ROS/Project_6/src/fun_numbers/src/fibonacci_server.cpp:39:23:[m[K [01;31m[Kerror: [m[Kexpected primary-expression before â€˜[01m[Kconst[m[Kâ€™
[8.390s]    39 |       std::shared_ptr<[01;31m[Kconst[m[K Fibonacci::Goal> goal)
[8.390s]       |                       [01;31m[K^~~~~[m[K
[8.390s] [01m[K/home/thien/Documents/IE_ROS/Project_6/src/fun_numbers/src/fibonacci_server.cpp:39:23:[m[K [01;31m[Kerror: [m[Kexpected â€˜[01m[K>[m[Kâ€™ before â€˜[01m[Kconst[m[Kâ€™
[8.391s] [01m[K/home/thien/Documents/IE_ROS/Project_6/src/fun_numbers/src/fibonacci_server.cpp:39:7:[m[K [01;31m[Kerror: [m[Kclass template placeholder â€˜[01m[Kstd::shared_ptr[m[Kâ€™ not permitted in this context
[8.391s]    39 |       [01;31m[Kstd[m[K::shared_ptr<const Fibonacci::Goal> goal)
[8.391s]       |       [01;31m[K^~~[m[K
[8.391s] [01m[K/home/thien/Documents/IE_ROS/Project_6/src/fun_numbers/src/fibonacci_server.cpp:53:101:[m[K [01;31m[Kerror: [m[Kâ€˜[01m[KFibonacci[m[Kâ€™ was not declared in this scope; did you mean â€˜[01m[Knumber_actions::action::Fibonacci[m[Kâ€™?
[8.392s]    53 |   rclcpp_action::CancelResponse handle_cancel(const std::shared_ptr<rclcpp_action::ServerGoalHandle<[01;31m[KFibonacci[m[K>> goal_handle)
[8.392s]       |                                                                                                     [01;31m[K^~~~~~~~~[m[K
[8.392s]       |                                                                                                     [32m[Knumber_actions::action::Fibonacci[m[K
[8.392s] In file included from [01m[K/home/thien/Documents/IE_ROS/Project_6/install/number_actions/include/number_actions/number_actions/action/fibonacci.hpp:7[m[K,
[8.393s]                  from [01m[K/home/thien/Documents/IE_ROS/Project_6/src/fun_numbers/src/fibonacci_server.cpp:4[m[K:
[8.393s] [01m[K/home/thien/Documents/IE_ROS/Project_6/install/number_actions/include/number_actions/number_actions/action/detail/fibonacci__struct.hpp:1041:26:[m[K [01;36m[Knote: [m[Kâ€˜[01m[Knumber_actions::action::Fibonacci[m[Kâ€™ declared here
[8.393s]  1041 | typedef struct Fibonacci [01;36m[KFibonacci[m[K;
[8.393s]       |                          [01;36m[K^~~~~~~~~[m[K
[8.394s] [01m[K/home/thien/Documents/IE_ROS/Project_6/src/fun_numbers/src/fibonacci_server.cpp:53:101:[m[K [01;31m[Kerror: [m[Ktemplate argument 1 is invalid
[8.394s]    53 |   rclcpp_action::CancelResponse handle_cancel(const std::shared_ptr<rclcpp_action::ServerGoalHandle<[01;31m[KFibonacci[m[K>> goal_handle)
[8.394s]       |                                                                                                     [01;31m[K^~~~~~~~~[m[K
[8.395s] [01m[K/home/thien/Documents/IE_ROS/Project_6/src/fun_numbers/src/fibonacci_server.cpp:53:110:[m[K [01;31m[Kerror: [m[Ktemplate argument 1 is invalid
[8.395s]    53 |   rclcpp_action::CancelResponse handle_cancel(const std::shared_ptr<rclcpp_action::ServerGoalHandle<Fibonacci[01;31m[K>>[m[K goal_handle)
[8.395s]       |                                                                                                              [01;31m[K^~[m[K
[8.395s] [01m[K/home/thien/Documents/IE_ROS/Project_6/src/fun_numbers/src/fibonacci_server.cpp:60:70:[m[K [01;31m[Kerror: [m[Kâ€˜[01m[KFibonacci[m[Kâ€™ was not declared in this scope; did you mean â€˜[01m[Knumber_actions::action::Fibonacci[m[Kâ€™?
[8.396s]    60 |   void execute(const std::shared_ptr<rclcpp_action::ServerGoalHandle<[01;31m[KFibonacci[m[K>> goal_handle)
[8.396s]       |                                                                      [01;31m[K^~~~~~~~~[m[K
[8.396s]       |                                                                      [32m[Knumber_actions::action::Fibonacci[m[K
[8.396s] In file included from [01m[K/home/thien/Documents/IE_ROS/Project_6/install/number_actions/include/number_actions/number_actions/action/fibonacci.hpp:7[m[K,
[8.396s]                  from [01m[K/home/thien/Documents/IE_ROS/Project_6/src/fun_numbers/src/fibonacci_server.cpp:4[m[K:
[8.397s] [01m[K/home/thien/Documents/IE_ROS/Project_6/install/number_actions/include/number_actions/number_actions/action/detail/fibonacci__struct.hpp:1041:26:[m[K [01;36m[Knote: [m[Kâ€˜[01m[Knumber_actions::action::Fibonacci[m[Kâ€™ declared here
[8.397s]  1041 | typedef struct Fibonacci [01;36m[KFibonacci[m[K;
[8.397s]       |                          [01;36m[K^~~~~~~~~[m[K
[8.397s] [01m[K/home/thien/Documents/IE_ROS/Project_6/src/fun_numbers/src/fibonacci_server.cpp:60:70:[m[K [01;31m[Kerror: [m[Ktemplate argument 1 is invalid
[8.398s]    60 |   void execute(const std::shared_ptr<rclcpp_action::ServerGoalHandle<[01;31m[KFibonacci[m[K>> goal_handle)
[8.398s]       |                                                                      [01;31m[K^~~~~~~~~[m[K
[8.398s] [01m[K/home/thien/Documents/IE_ROS/Project_6/src/fun_numbers/src/fibonacci_server.cpp:60:79:[m[K [01;31m[Kerror: [m[Ktemplate argument 1 is invalid
[8.398s]    60 |   void execute(const std::shared_ptr<rclcpp_action::ServerGoalHandle<Fibonacci[01;31m[K>>[m[K goal_handle)
[8.399s]       |                                                                               [01;31m[K^~[m[K
[8.400s] [01m[K/home/thien/Documents/IE_ROS/Project_6/src/fun_numbers/src/fibonacci_server.cpp:[m[K In constructor â€˜[01m[KFibonacciServer::FibonacciServer(const rclcpp::NodeOptions&)[m[Kâ€™:
[8.400s] [01m[K/home/thien/Documents/IE_ROS/Project_6/src/fun_numbers/src/fibonacci_server.cpp:16:5:[m[K [01;31m[Kerror: [m[Kâ€˜[01m[Kserver_[m[Kâ€™ was not declared in this scope
[8.401s]    16 |     [01;31m[Kserver_[m[K = rclcpp_action::create_server<Fibonacci>(
[8.401s]       |     [01;31m[K^~~~~~~[m[K
[8.402s] [01m[K/home/thien/Documents/IE_ROS/Project_6/src/fun_numbers/src/fibonacci_server.cpp:16:44:[m[K [01;31m[Kerror: [m[Kâ€˜[01m[KFibonacci[m[Kâ€™ was not declared in this scope; did you mean â€˜[01m[Knumber_actions::action::Fibonacci[m[Kâ€™?
[8.403s]    16 |     server_ = rclcpp_action::create_server<[01;31m[KFibonacci[m[K>(
[8.403s]       |                                            [01;31m[K^~~~~~~~~[m[K
[8.403s]       |                                            [32m[Knumber_actions::action::Fibonacci[m[K
[8.403s] In file included from [01m[K/home/thien/Documents/IE_ROS/Project_6/install/number_actions/include/number_actions/number_actions/action/fibonacci.hpp:7[m[K,
[8.404s]                  from [01m[K/home/thien/Documents/IE_ROS/Project_6/src/fun_numbers/src/fibonacci_server.cpp:4[m[K:
[8.404s] [01m[K/home/thien/Documents/IE_ROS/Project_6/install/number_actions/include/number_actions/number_actions/action/detail/fibonacci__struct.hpp:1041:26:[m[K [01;36m[Knote: [m[Kâ€˜[01m[Knumber_actions::action::Fibonacci[m[Kâ€™ declared here
[8.404s]  1041 | typedef struct Fibonacci [01;36m[KFibonacci[m[K;
[8.404s]       |                          [01;36m[K^~~~~~~~~[m[K
[8.428s] [01m[K/home/thien/Documents/IE_ROS/Project_6/src/fun_numbers/src/fibonacci_server.cpp:16:54:[m[K [01;31m[Kerror: [m[Kno matching function for call to â€˜[01m[Kcreate_server<<expression error> >(FibonacciServer*, const char [10], std::_Bind_helper<false, rclcpp_action::GoalResponse (FibonacciServer::*)(...), FibonacciServer*, const std::_Placeholder<1>&, const std::_Placeholder<2>&>::type, std::_Bind_helper<false, rclcpp_action::CancelResponse (FibonacciServer::*)(int), FibonacciServer*, const std::_Placeholder<1>&>::type, std::_Bind_helper<false, void (FibonacciServer::*)(int), FibonacciServer*, const std::_Placeholder<1>&>::type)[m[Kâ€™
[8.428s]    16 |     server_ = [01;31m[Krclcpp_action::create_server<Fibonacci>([m[K
[8.428s]       |               [01;31m[K~~~~~~~~~~~~~~~~~~~~~~~~~~~~~~~~~~~~~~~^[m[K
[8.429s]    17 | [01;31m[K        this,[m[K
[8.429s]       |         [01;31m[K~~~~~[m[K                                         
[8.429s]    18 | [01;31m[K        "fibonacci",[m[K
[8.429s]       |         [01;31m[K~~~~~~~~~~~~[m[K                                  
[8.430s]    19 | [01;31m[K        std::bind(&FibonacciServer::handle_goal, this, _1, _2),[m[K
[8.430s]       |         [01;31m[K~~~~~~~~~~~~~~~~~~~~~~~~~~~~~~~~~~~~~~~~~~~~~~~~~~~~~~~[m[K
[8.430s]    20 | [01;31m[K        std::bind(&FibonacciServer::handle_cancel, this, _1),[m[K
[8.431s]       |         [01;31m[K~~~~~~~~~~~~~~~~~~~~~~~~~~~~~~~~~~~~~~~~~~~~~~~~~~~~~[m[K
[8.432s]    21 | [01;31m[K        std::bind(&FibonacciServer::handle_accepted, this, _1))[m[K;
[8.432s]       |         [01;31m[K~~~~~~~~~~~~~~~~~~~~~~~~~~~~~~~~~~~~~~~~~~~~~~~~~~~~~~~[m[K
[8.433s] In file included from [01m[K/opt/ros/humble/include/rclcpp_action/rclcpp_action/rclcpp_action.hpp:39[m[K,
[8.433s]                  from [01m[K/home/thien/Documents/IE_ROS/Project_6/src/fun_numbers/src/fibonacci_server.cpp:3[m[K:
[8.433s] [01m[K/opt/ros/humble/include/rclcpp_action/rclcpp_action/create_server.hpp:58:1:[m[K [01;36m[Knote: [m[Kcandidate: â€˜[01m[Ktemplate<class ActionT> typename rclcpp_action::Server<ActionT>::SharedPtr rclcpp_action::create_server(rclcpp::node_interfaces::NodeBaseInterface::SharedPtr, rclcpp::node_interfaces::NodeClockInterface::SharedPtr, rclcpp::node_interfaces::NodeLoggingInterface::SharedPtr, rclcpp::node_interfaces::NodeWaitablesInterface::SharedPtr, const string&, typename rclcpp_action::Server<ActionT>::GoalCallback, typename rclcpp_action::Server<ActionT>::CancelCallback, typename rclcpp_action::Server<ActionT>::AcceptedCallback, const rcl_action_server_options_t&, rclcpp::CallbackGroup::SharedPtr)[m[Kâ€™
[8.433s]    58 | [01;36m[Kcreate_server[m[K(
[8.434s]       | [01;36m[K^~~~~~~~~~~~~[m[K
[8.434s] [01m[K/opt/ros/humble/include/rclcpp_action/rclcpp_action/create_server.hpp:58:1:[m[K [01;36m[Knote: [m[K  template argument deduction/substitution failed:
[8.434s] [01m[K/home/thien/Documents/IE_ROS/Project_6/src/fun_numbers/src/fibonacci_server.cpp:16:54:[m[K [01;31m[Kerror: [m[Ktemplate argument 1 is invalid
[8.434s]    16 |     server_ = [01;31m[Krclcpp_action::create_server<Fibonacci>([m[K
[8.434s]       |               [01;31m[K~~~~~~~~~~~~~~~~~~~~~~~~~~~~~~~~~~~~~~~^[m[K
[8.435s]    17 | [01;31m[K        this,[m[K
[8.435s]       |         [01;31m[K~~~~~[m[K                                         
[8.435s]    18 | [01;31m[K        "fibonacci",[m[K
[8.435s]       |         [01;31m[K~~~~~~~~~~~~[m[K                                  
[8.436s]    19 | [01;31m[K        std::bind(&FibonacciServer::handle_goal, this, _1, _2),[m[K
[8.436s]       |         [01;31m[K~~~~~~~~~~~~~~~~~~~~~~~~~~~~~~~~~~~~~~~~~~~~~~~~~~~~~~~[m[K
[8.436s]    20 | [01;31m[K        std::bind(&FibonacciServer::handle_cancel, this, _1),[m[K
[8.436s]       |         [01;31m[K~~~~~~~~~~~~~~~~~~~~~~~~~~~~~~~~~~~~~~~~~~~~~~~~~~~~~[m[K
[8.436s]    21 | [01;31m[K        std::bind(&FibonacciServer::handle_accepted, this, _1))[m[K;
[8.436s]       |         [01;31m[K~~~~~~~~~~~~~~~~~~~~~~~~~~~~~~~~~~~~~~~~~~~~~~~~~~~~~~~[m[K
[8.437s] In file included from [01m[K/opt/ros/humble/include/rclcpp_action/rclcpp_action/rclcpp_action.hpp:39[m[K,
[8.437s]                  from [01m[K/home/thien/Documents/IE_ROS/Project_6/src/fun_numbers/src/fibonacci_server.cpp:3[m[K:
[8.437s] [01m[K/opt/ros/humble/include/rclcpp_action/rclcpp_action/create_server.hpp:132:1:[m[K [01;36m[Knote: [m[Kcandidate: â€˜[01m[Ktemplate<class ActionT, class NodeT> typename rclcpp_action::Server<ActionT>::SharedPtr rclcpp_action::create_server(NodeT, const string&, typename rclcpp_action::Server<ActionT>::GoalCallback, typename rclcpp_action::Server<ActionT>::CancelCallback, typename rclcpp_action::Server<ActionT>::AcceptedCallback, const rcl_action_server_options_t&, rclcpp::CallbackGroup::SharedPtr)[m[Kâ€™
[8.437s]   132 | [01;36m[Kcreate_server[m[K(
[8.438s]       | [01;36m[K^~~~~~~~~~~~~[m[K
[8.438s] [01m[K/opt/ros/humble/include/rclcpp_action/rclcpp_action/create_server.hpp:132:1:[m[K [01;36m[Knote: [m[K  template argument deduction/substitution failed:
[8.438s] [01m[K/home/thien/Documents/IE_ROS/Project_6/src/fun_numbers/src/fibonacci_server.cpp:16:54:[m[K [01;31m[Kerror: [m[Ktemplate argument 1 is invalid
[8.438s]    16 |     server_ = [01;31m[Krclcpp_action::create_server<Fibonacci>([m[K
[8.438s]       |               [01;31m[K~~~~~~~~~~~~~~~~~~~~~~~~~~~~~~~~~~~~~~~^[m[K
[8.438s]    17 | [01;31m[K        this,[m[K
[8.439s]       |         [01;31m[K~~~~~[m[K                                         
[8.439s]    18 | [01;31m[K        "fibonacci",[m[K
[8.439s]       |         [01;31m[K~~~~~~~~~~~~[m[K                                  
[8.439s]    19 | [01;31m[K        std::bind(&FibonacciServer::handle_goal, this, _1, _2),[m[K
[8.439s]       |         [01;31m[K~~~~~~~~~~~~~~~~~~~~~~~~~~~~~~~~~~~~~~~~~~~~~~~~~~~~~~~[m[K
[8.440s]    20 | [01;31m[K        std::bind(&FibonacciServer::handle_cancel, this, _1),[m[K
[8.440s]       |         [01;31m[K~~~~~~~~~~~~~~~~~~~~~~~~~~~~~~~~~~~~~~~~~~~~~~~~~~~~~[m[K
[8.440s]    21 | [01;31m[K        std::bind(&FibonacciServer::handle_accepted, this, _1))[m[K;
[8.440s]       |         [01;31m[K~~~~~~~~~~~~~~~~~~~~~~~~~~~~~~~~~~~~~~~~~~~~~~~~~~~~~~~[m[K
[8.448s] In file included from [01m[K/opt/ros/humble/include/rclcpp/rclcpp/logging.hpp:24[m[K,
[8.449s]                  from [01m[K/opt/ros/humble/include/rclcpp/rclcpp/client.hpp:40[m[K,
[8.449s]                  from [01m[K/opt/ros/humble/include/rclcpp/rclcpp/callback_group.hpp:24[m[K,
[8.449s]                  from [01m[K/opt/ros/humble/include/rclcpp/rclcpp/any_executable.hpp:20[m[K,
[8.449s]                  from [01m[K/opt/ros/humble/include/rclcpp/rclcpp/memory_strategy.hpp:25[m[K,
[8.450s]                  from [01m[K/opt/ros/humble/include/rclcpp/rclcpp/memory_strategies.hpp:18[m[K,
[8.450s]                  from [01m[K/opt/ros/humble/include/rclcpp/rclcpp/executor_options.hpp:20[m[K,
[8.450s]                  from [01m[K/opt/ros/humble/include/rclcpp/rclcpp/executor.hpp:37[m[K,
[8.450s]                  from [01m[K/opt/ros/humble/include/rclcpp/rclcpp/executors/multi_threaded_executor.hpp:25[m[K,
[8.450s]                  from [01m[K/opt/ros/humble/include/rclcpp/rclcpp/executors.hpp:21[m[K,
[8.451s]                  from [01m[K/opt/ros/humble/include/rclcpp/rclcpp/rclcpp.hpp:155[m[K,
[8.451s]                  from [01m[K/home/thien/Documents/IE_ROS/Project_6/src/fun_numbers/src/fibonacci_server.cpp:2[m[K:
[8.451s] [01m[K/home/thien/Documents/IE_ROS/Project_6/src/fun_numbers/src/fibonacci_server.cpp:[m[K In member function â€˜[01m[Krclcpp_action::GoalResponse FibonacciServer::handle_goal(...)[m[Kâ€™:
[8.451s] [01m[K/home/thien/Documents/IE_ROS/Project_6/src/fun_numbers/src/fibonacci_server.cpp:41:76:[m[K [01;31m[Kerror: [m[Kâ€˜[01m[Kgoal[m[Kâ€™ was not declared in this scope
[8.451s]    41 |     RCLCPP_INFO(this->get_logger(), "Received goal request with order %d", [01;31m[Kgoal[m[K->order);
[8.452s]       |                                                                            [01;31m[K^~~~[m[K
[8.470s] [01m[K/home/thien/Documents/IE_ROS/Project_6/src/fun_numbers/src/fibonacci_server.cpp:45:9:[m[K [01;31m[Kerror: [m[Kâ€˜[01m[Kgoal[m[Kâ€™ was not declared in this scope
[8.471s]    45 |     if ([01;31m[Kgoal[m[K->order > 9000)
[8.471s]       |         [01;31m[K^~~~[m[K
[8.473s] [01m[K/home/thien/Documents/IE_ROS/Project_6/src/fun_numbers/src/fibonacci_server.cpp:[m[K In member function â€˜[01m[Kvoid FibonacciServer::execute(int)[m[Kâ€™:
[8.473s] [01m[K/home/thien/Documents/IE_ROS/Project_6/src/fun_numbers/src/fibonacci_server.cpp:64:34:[m[K [01;31m[Kerror: [m[Kbase operand of â€˜[01m[K->[m[Kâ€™ is not a pointer
[8.474s]    64 |     const auto goal = goal_handle[01;31m[K->[m[Kget_goal();
[8.474s]       |                                  [01;31m[K^~[m[K
[8.475s] [01m[K/home/thien/Documents/IE_ROS/Project_6/src/fun_numbers/src/fibonacci_server.cpp:65:38:[m[K [01;31m[Kerror: [m[Kâ€˜[01m[KFibonacci[m[Kâ€™ was not declared in this scope; did you mean â€˜[01m[Knumber_actions::action::Fibonacci[m[Kâ€™?
[8.476s]    65 |     auto feedback = std::make_shared<[01;31m[KFibonacci[m[K::Feedback>();
[8.476s]       |                                      [01;31m[K^~~~~~~~~[m[K
[8.477s]       |                                      [32m[Knumber_actions::action::Fibonacci[m[K
[8.477s] In file included from [01m[K/home/thien/Documents/IE_ROS/Project_6/install/number_actions/include/number_actions/number_actions/action/fibonacci.hpp:7[m[K,
[8.478s]                  from [01m[K/home/thien/Documents/IE_ROS/Project_6/src/fun_numbers/src/fibonacci_server.cpp:4[m[K:
[8.481s] [01m[K/home/thien/Documents/IE_ROS/Project_6/install/number_actions/include/number_actions/number_actions/action/detail/fibonacci__struct.hpp:1041:26:[m[K [01;36m[Knote: [m[Kâ€˜[01m[Knumber_actions::action::Fibonacci[m[Kâ€™ declared here
[8.483s]  1041 | typedef struct Fibonacci [01;36m[KFibonacci[m[K;
[8.484s]       |                          [01;36m[K^~~~~~~~~[m[K
[8.485s] [01m[K/home/thien/Documents/IE_ROS/Project_6/src/fun_numbers/src/fibonacci_server.cpp:65:26:[m[K [01;31m[Kerror: [m[Kparse error in template argument list
[8.485s]    65 |     auto feedback = std::[01;31m[Kmake_shared<Fibonacci::Feedback>[m[K();
[8.485s]       |                          [01;31m[K^~~~~~~~~~~~~~~~~~~~~~~~~~~~~~~~[m[K
[8.486s] [01m[K/home/thien/Documents/IE_ROS/Project_6/src/fun_numbers/src/fibonacci_server.cpp:65:58:[m[K [01;31m[Kerror: [m[Kno matching function for call to â€˜[01m[Kmake_shared<<expression error> >()[m[Kâ€™
[8.487s]    65 |     auto feedback = [01;31m[Kstd::make_shared<Fibonacci::Feedback>()[m[K;
[8.488s]       |                     [01;31m[K~~~~~~~~~~~~~~~~~~~~~~~~~~~~~~~~~~~~~^~[m[K
[8.488s] In file included from [01m[K/usr/include/c++/11/memory:77[m[K,
[8.488s]                  from [01m[K/home/thien/Documents/IE_ROS/Project_6/src/fun_numbers/src/fibonacci_server.cpp:1[m[K:
[8.489s] [01m[K/usr/include/c++/11/bits/shared_ptr.h:875:5:[m[K [01;36m[Knote: [m[Kcandidate: â€˜[01m[Ktemplate<class _Tp, class ... _Args> std::shared_ptr<_Tp> std::make_shared(_Args&& ...)[m[Kâ€™
[8.489s]   875 |     [01;36m[Kmake_shared[m[K(_Args&&... __args)
[8.489s]       |     [01;36m[K^~~~~~~~~~~[m[K
[8.489s] [01m[K/usr/include/c++/11/bits/shared_ptr.h:875:5:[m[K [01;36m[Knote: [m[K  template argument deduction/substitution failed:
[8.490s] [01m[K/home/thien/Documents/IE_ROS/Project_6/src/fun_numbers/src/fibonacci_server.cpp:65:58:[m[K [01;31m[Kerror: [m[Ktemplate argument 1 is invalid
[8.490s]    65 |     auto feedback = [01;31m[Kstd::make_shared<Fibonacci::Feedback>()[m[K;
[8.490s]       |                     [01;31m[K~~~~~~~~~~~~~~~~~~~~~~~~~~~~~~~~~~~~~^~[m[K
[8.490s] [01m[K/home/thien/Documents/IE_ROS/Project_6/src/fun_numbers/src/fibonacci_server.cpp:69:24:[m[K [01;31m[Kerror: [m[Kparse error in template argument list
[8.491s]    69 |     auto result = std::[01;31m[Kmake_shared<Fibonacci::Result>[m[K();
[8.491s]       |                        [01;31m[K^~~~~~~~~~~~~~~~~~~~~~~~~~~~~~[m[K
[8.491s] [01m[K/home/thien/Documents/IE_ROS/Project_6/src/fun_numbers/src/fibonacci_server.cpp:69:54:[m[K [01;31m[Kerror: [m[Kno matching function for call to â€˜[01m[Kmake_shared<Fibonacci>()[m[Kâ€™
[8.491s]    69 |     auto result = [01;31m[Kstd::make_shared<Fibonacci::Result>()[m[K;
[8.492s]       |                   [01;31m[K~~~~~~~~~~~~~~~~~~~~~~~~~~~~~~~~~~~^~[m[K
[8.492s] In file included from [01m[K/usr/include/c++/11/memory:77[m[K,
[8.492s]                  from [01m[K/home/thien/Documents/IE_ROS/Project_6/src/fun_numbers/src/fibonacci_server.cpp:1[m[K:
[8.493s] [01m[K/usr/include/c++/11/bits/shared_ptr.h:875:5:[m[K [01;36m[Knote: [m[Kcandidate: â€˜[01m[Ktemplate<class _Tp, class ... _Args> std::shared_ptr<_Tp> std::make_shared(_Args&& ...)[m[Kâ€™
[8.493s]   875 |     [01;36m[Kmake_shared[m[K(_Args&&... __args)
[8.493s]       |     [01;36m[K^~~~~~~~~~~[m[K
[8.493s] [01m[K/usr/include/c++/11/bits/shared_ptr.h:875:5:[m[K [01;36m[Knote: [m[K  template argument deduction/substitution failed:
[8.494s] [01m[K/home/thien/Documents/IE_ROS/Project_6/src/fun_numbers/src/fibonacci_server.cpp:74:22:[m[K [01;31m[Kerror: [m[Kbase operand of â€˜[01m[K->[m[Kâ€™ is not a pointer
[8.494s]    74 |       if (goal_handle[01;31m[K->[m[Kis_canceling())
[8.495s]       |                      [01;31m[K^~[m[K
[8.495s] [01m[K/home/thien/Documents/IE_ROS/Project_6/src/fun_numbers/src/fibonacci_server.cpp:77:20:[m[K [01;31m[Kerror: [m[Kbase operand of â€˜[01m[K->[m[Kâ€™ is not a pointer
[8.496s]    77 |         goal_handle[01;31m[K->[m[Kcanceled(result);
[8.496s]       |                    [01;31m[K^~[m[K
[8.496s] [01m[K/home/thien/Documents/IE_ROS/Project_6/src/fun_numbers/src/fibonacci_server.cpp:84:18:[m[K [01;31m[Kerror: [m[Kbase operand of â€˜[01m[K->[m[Kâ€™ is not a pointer
[8.497s]    84 |       goal_handle[01;31m[K->[m[Kpublish_feedback(feedback);
[8.497s]       |                  [01;31m[K^~[m[K
[8.498s] [01m[K/home/thien/Documents/IE_ROS/Project_6/src/fun_numbers/src/fibonacci_server.cpp:94:18:[m[K [01;31m[Kerror: [m[Kbase operand of â€˜[01m[K->[m[Kâ€™ is not a pointer
[8.499s]    94 |       goal_handle[01;31m[K->[m[Ksucceed(result);
[8.499s]       |                  [01;31m[K^~[m[K
[9.437s] gmake[2]: *** [CMakeFiles/fibonacci_client.dir/build.make:76: CMakeFiles/fibonacci_client.dir/src/fibonacci_client.cpp.o] Error 1
[9.437s] gmake[1]: *** [CMakeFiles/Makefile2:139: CMakeFiles/fibonacci_client.dir/all] Error 2
[9.437s] gmake[1]: *** Waiting for unfinished jobs....
[9.672s] gmake[2]: *** [CMakeFiles/fibonacci_server.dir/build.make:76: CMakeFiles/fibonacci_server.dir/src/fibonacci_server.cpp.o] Error 1
[9.672s] gmake[1]: *** [CMakeFiles/Makefile2:165: CMakeFiles/fibonacci_server.dir/all] Error 2
[9.673s] gmake: *** [Makefile:146: all] Error 2
[9.678s] Invoked command in '/home/thien/Documents/IE_ROS/Project_6/build/fun_numbers' returned '2': AMENT_PREFIX_PATH=/home/thien/Documents/IE_ROS/Project_6/install/number_actions:${AMENT_PREFIX_PATH} CMAKE_PREFIX_PATH=/home/thien/Documents/IE_ROS/Project_6/install/number_actions:/opt/ros/humble LD_LIBRARY_PATH=/home/thien/Documents/IE_ROS/Project_6/install/number_actions/lib:${LD_LIBRARY_PATH} /usr/bin/cmake --build /home/thien/Documents/IE_ROS/Project_6/build/fun_numbers -- -j8 -l8
