[0.026s] Invoking command in '/home/thien/Documents/IE_ROS/Project_6/build/fun_numbers': CMAKE_PREFIX_PATH=/home/thien/Documents/IE_ROS/Project_6/install/number_actions:/home/thien/Documents/IE_ROS/Project_6/install/fun_numbers:/opt/ros/humble /usr/bin/cmake --build /home/thien/Documents/IE_ROS/Project_6/build/fun_numbers -- -j8 -l8
[0.130s] [35m[1mConsolidate compiler generated dependencies of target fibonacci_server[0m
[0.159s] [ 50%] Built target fibonacci_client
[0.186s] [ 75%] [32mBuilding CXX object CMakeFiles/fibonacci_server.dir/src/fibonacci_server.cpp.o[0m
[0.782s] [01m[K/home/thien/Documents/IE_ROS/Project_6/src/fun_numbers/src/fibonacci_server.cpp:1:1:[m[K [01;31m[Kerror: [m[Kâ€˜[01m[KUser[m[Kâ€™ does not name a type
[0.782s]     1 | [01;31m[KUser[m[K
[0.782s]       | [01;31m[K^~~~[m[K
[0.786s] In file included from [01m[K/usr/include/c++/11/bits/stl_algobase.h:62[m[K,
[0.786s]                  from [01m[K/usr/include/c++/11/memory:63[m[K,
[0.786s]                  from [01m[K/home/thien/Documents/IE_ROS/Project_6/src/fun_numbers/src/fibonacci_server.cpp:2[m[K:
[0.786s] [01m[K/usr/include/c++/11/ext/type_traits.h:162:35:[m[K [01;31m[Kerror: [m[Kâ€˜[01m[Kbool __gnu_cxx::__is_null_pointer[m[Kâ€™ redeclared as different kind of entity
[0.786s]   162 |   __is_null_pointer(std::nullptr_t[01;31m[K)[m[K
[0.786s]       |                                   [01;31m[K^[m[K
[0.786s] [01m[K/usr/include/c++/11/ext/type_traits.h:157:5:[m[K [01;36m[Knote: [m[Kprevious declaration â€˜[01m[Ktemplate<class _Type> bool __gnu_cxx::__is_null_pointer(_Type)[m[Kâ€™
[0.787s]   157 |     [01;36m[K__is_null_pointer[m[K(_Type)
[0.787s]       |     [01;36m[K^~~~~~~~~~~~~~~~~[m[K
[0.787s] [01m[K/usr/include/c++/11/ext/type_traits.h:162:26:[m[K [01;31m[Kerror: [m[Kâ€˜[01m[Knullptr_t[m[Kâ€™ is not a member of â€˜[01m[Kstd[m[Kâ€™
[0.787s]   162 |   __is_null_pointer(std::[01;31m[Knullptr_t[m[K)
[0.787s]       |                          [01;31m[K^~~~~~~~~[m[K
[0.789s] In file included from [01m[K/usr/include/c++/11/bits/move.h:57[m[K,
[0.789s]                  from [01m[K/usr/include/c++/11/bits/stl_pair.h:59[m[K,
[0.789s]                  from [01m[K/usr/include/c++/11/bits/stl_algobase.h:64[m[K,
[0.790s]                  from [01m[K/usr/include/c++/11/memory:63[m[K,
[0.790s]                  from [01m[K/home/thien/Documents/IE_ROS/Project_6/src/fun_numbers/src/fibonacci_server.cpp:2[m[K:
[0.790s] [01m[K/usr/include/c++/11/type_traits:227:27:[m[K [01;31m[Kerror: [m[Kâ€˜[01m[Ksize_t[m[Kâ€™ has not been declared
[0.790s]   227 |   template <typename _Tp, [01;31m[Ksize_t[m[K = sizeof(_Tp)>
[0.790s]       |                           [01;31m[K^~~~~~[m[K
[0.790s] [01m[K/usr/include/c++/11/type_traits:431:26:[m[K [01;31m[Kerror: [m[Kâ€˜[01m[Kstd::size_t[m[Kâ€™ has not been declared
[0.790s]   431 |   template<typename _Tp, [01;31m[Kstd[m[K::size_t _Size>
[0.791s]       |                          [01;31m[K^~~[m[K
[0.794s] [01m[K/usr/include/c++/11/type_traits:432:25:[m[K [01;31m[Kerror: [m[Kâ€˜[01m[K_Size[m[Kâ€™ was not declared in this scope
[0.794s]   432 |     struct is_array<_Tp[[01;31m[K_Size[m[K]>
[0.794s]       |                         [01;31m[K^~~~~[m[K
[0.794s] [01m[K/usr/include/c++/11/type_traits:432:31:[m[K [01;31m[Kerror: [m[Ktemplate argument 1 is invalid
[0.794s]   432 |     struct is_array<_Tp[_Size][01;31m[K>[m[K
[0.795s]       |                               [01;31m[K^[m[K
[0.795s] [01m[K/usr/include/c++/11/type_traits:537:42:[m[K [01;31m[Kerror: [m[Kâ€˜[01m[Knullptr_t[m[Kâ€™ is not a member of â€˜[01m[Kstd[m[Kâ€™
[0.795s]   537 |     struct __is_null_pointer_helper<std::[01;31m[Knullptr_t[m[K>
[0.795s]       |                                          [01;31m[K^~~~~~~~~[m[K
[0.795s] [01m[K/usr/include/c++/11/type_traits:537:51:[m[K [01;31m[Kerror: [m[Ktemplate argument 1 is invalid
[0.795s]   537 |     struct __is_null_pointer_helper<std::nullptr_t[01;31m[K>[m[K
[0.796s]       |                                                   [01;31m[K^[m[K
[0.802s] [01m[K/usr/include/c++/11/type_traits:1361:37:[m[K [01;31m[Kerror: [m[Kâ€˜[01m[Ksize_t[m[Kâ€™ is not a member of â€˜[01m[Kstd[m[Kâ€™
[0.803s]  1361 |     : public integral_constant<std::[01;31m[Ksize_t[m[K, alignof(_Tp)>
[0.803s]       |                                     [01;31m[K^~~~~~[m[K
[0.803s] [01m[K/usr/include/c++/11/type_traits:1361:57:[m[K [01;31m[Kerror: [m[Ktemplate argument 1 is invalid
[0.803s]  1361 |     : public integral_constant<std::size_t, alignof(_Tp)[01;31m[K>[m[K
[0.803s]       |                                                         [01;31m[K^[m[K
[0.803s] [01m[K/usr/include/c++/11/type_traits:1361:57:[m[K [01;36m[Knote: [m[Kinvalid template non-type parameter
[0.803s] [01m[K/usr/include/c++/11/type_traits:1370:37:[m[K [01;31m[Kerror: [m[Kâ€˜[01m[Ksize_t[m[Kâ€™ is not a member of â€˜[01m[Kstd[m[Kâ€™
[0.804s]  1370 |     : public integral_constant<std::[01;31m[Ksize_t[m[K, 0> { };
[0.804s]       |                                     [01;31m[K^~~~~~[m[K
[0.804s] [01m[K/usr/include/c++/11/type_traits:1370:46:[m[K [01;31m[Kerror: [m[Ktemplate argument 1 is invalid
[0.804s]  1370 |     : public integral_constant<std::size_t, 0[01;31m[K>[m[K { };
[0.804s]       |                                              [01;31m[K^[m[K
[0.804s] [01m[K/usr/include/c++/11/type_traits:1370:46:[m[K [01;36m[Knote: [m[Kinvalid template non-type parameter
[0.804s] [01m[K/usr/include/c++/11/type_traits:1372:26:[m[K [01;31m[Kerror: [m[Kâ€˜[01m[Kstd::size_t[m[Kâ€™ has not been declared
[0.804s]  1372 |   template<typename _Tp, [01;31m[Kstd[m[K::size_t _Size>
[0.805s]       |                          [01;31m[K^~~[m[K
[0.806s] [01m[K/usr/include/c++/11/type_traits:1373:21:[m[K [01;31m[Kerror: [m[Kâ€˜[01m[K_Size[m[Kâ€™ was not declared in this scope
[0.806s]  1373 |     struct rank<_Tp[[01;31m[K_Size[m[K]>
[0.806s]       |                     [01;31m[K^~~~~[m[K
[0.806s] [01m[K/usr/include/c++/11/type_traits:1373:27:[m[K [01;31m[Kerror: [m[Ktemplate argument 1 is invalid
[0.807s]  1373 |     struct rank<_Tp[_Size][01;31m[K>[m[K
[0.807s]       |                           [01;31m[K^[m[K
[0.807s] [01m[K/usr/include/c++/11/type_traits:1374:37:[m[K [01;31m[Kerror: [m[Kâ€˜[01m[Ksize_t[m[Kâ€™ is not a member of â€˜[01m[Kstd[m[Kâ€™
[0.807s]  1374 |     : public integral_constant<std::[01;31m[Ksize_t[m[K, 1 + rank<_Tp>::value> { };
[0.807s]       |                                     [01;31m[K^~~~~~[m[K
[0.807s] [01m[K/usr/include/c++/11/type_traits:1374:65:[m[K [01;31m[Kerror: [m[Ktemplate argument 1 is invalid
[0.808s]  1374 |     : public integral_constant<std::size_t, 1 + rank<_Tp>::value[01;31m[K>[m[K { };
[0.808s]       |                                                                 [01;31m[K^[m[K
[0.808s] [01m[K/usr/include/c++/11/type_traits:1374:65:[m[K [01;36m[Knote: [m[Kinvalid template non-type parameter
[0.808s] [01m[K/usr/include/c++/11/type_traits:1378:37:[m[K [01;31m[Kerror: [m[Kâ€˜[01m[Ksize_t[m[Kâ€™ is not a member of â€˜[01m[Kstd[m[Kâ€™
[0.808s]  1378 |     : public integral_constant<std::[01;31m[Ksize_t[m[K, 1 + rank<_Tp>::value> { };
[0.808s]       |                                     [01;31m[K^~~~~~[m[K
[0.808s] [01m[K/usr/include/c++/11/type_traits:1378:65:[m[K [01;31m[Kerror: [m[Ktemplate argument 1 is invalid
[0.808s]  1378 |     : public integral_constant<std::size_t, 1 + rank<_Tp>::value[01;31m[K>[m[K { };
[0.809s]       |                                                                 [01;31m[K^[m[K
[0.809s] [01m[K/usr/include/c++/11/type_traits:1378:65:[m[K [01;36m[Knote: [m[Kinvalid template non-type parameter
[0.809s] [01m[K/usr/include/c++/11/type_traits:1383:37:[m[K [01;31m[Kerror: [m[Kâ€˜[01m[Ksize_t[m[Kâ€™ is not a member of â€˜[01m[Kstd[m[Kâ€™
[0.809s]  1383 |     : public integral_constant<std::[01;31m[Ksize_t[m[K, 0> { };
[0.809s]       |                                     [01;31m[K^~~~~~[m[K
[0.809s] [01m[K/usr/include/c++/11/type_traits:1383:46:[m[K [01;31m[Kerror: [m[Ktemplate argument 1 is invalid
[0.809s]  1383 |     : public integral_constant<std::size_t, 0[01;31m[K>[m[K { };
[0.809s]       |                                              [01;31m[K^[m[K
[0.810s] [01m[K/usr/include/c++/11/type_traits:1383:46:[m[K [01;36m[Knote: [m[Kinvalid template non-type parameter
[0.810s] [01m[K/usr/include/c++/11/type_traits:1385:42:[m[K [01;31m[Kerror: [m[Kâ€˜[01m[Kstd::size_t[m[Kâ€™ has not been declared
[0.810s]  1385 |   template<typename _Tp, unsigned _Uint, [01;31m[Kstd[m[K::size_t _Size>
[0.810s]       |                                          [01;31m[K^~~[m[K
[0.812s] [01m[K/usr/include/c++/11/type_traits:1386:23:[m[K [01;31m[Kerror: [m[Kâ€˜[01m[K_Size[m[Kâ€™ was not declared in this scope
[0.812s]  1386 |     struct extent<_Tp[[01;31m[K_Size[m[K], _Uint>
[0.812s]       |                       [01;31m[K^~~~~[m[K
[0.812s] [01m[K/usr/include/c++/11/type_traits:1386:36:[m[K [01;31m[Kerror: [m[Ktemplate argument 1 is invalid
[0.813s]  1386 |     struct extent<_Tp[_Size], _Uint[01;31m[K>[m[K
[0.813s]       |                                    [01;31m[K^[m[K
[0.813s] [01m[K/usr/include/c++/11/type_traits:1387:37:[m[K [01;31m[Kerror: [m[Kâ€˜[01m[Ksize_t[m[Kâ€™ is not a member of â€˜[01m[Kstd[m[Kâ€™
[0.813s]  1387 |     : public integral_constant<std::[01;31m[Ksize_t[m[K,
[0.813s]       |                                     [01;31m[K^~~~~~[m[K
[0.816s] [01m[K/usr/include/c++/11/type_traits:1388:45:[m[K [01;31m[Kerror: [m[Kâ€˜[01m[K_Size[m[Kâ€™ was not declared in this scope
[0.816s]  1388 |                                _Uint == 0 ? [01;31m[K_Size[m[K : extent<_Tp,
[0.816s]       |                                             [01;31m[K^~~~~[m[K
[0.817s] [01m[K/usr/include/c++/11/type_traits:1389:77:[m[K [01;31m[Kerror: [m[Ktemplate argument 1 is invalid
[0.817s]  1389 |                                                            _Uint - 1>::value[01;31m[K>[m[K
[0.817s]       |                                                                             [01;31m[K^[m[K
[0.817s] [01m[K/usr/include/c++/11/type_traits:1389:77:[m[K [01;36m[Knote: [m[Kinvalid template non-type parameter
[0.817s] [01m[K/usr/include/c++/11/type_traits:1394:37:[m[K [01;31m[Kerror: [m[Kâ€˜[01m[Ksize_t[m[Kâ€™ is not a member of â€˜[01m[Kstd[m[Kâ€™
[0.817s]  1394 |     : public integral_constant<std::[01;31m[Ksize_t[m[K,
[0.817s]       |                                     [01;31m[K^~~~~~[m[K
[0.817s] [01m[K/usr/include/c++/11/type_traits:1396:73:[m[K [01;31m[Kerror: [m[Ktemplate argument 1 is invalid
[0.817s]  1396 |                                                        _Uint - 1>::value[01;31m[K>[m[K
[0.818s]       |                                                                         [01;31m[K^[m[K
[0.818s] [01m[K/usr/include/c++/11/type_traits:1396:73:[m[K [01;36m[Knote: [m[Kinvalid template non-type parameter
[0.818s] [01m[K/usr/include/c++/11/type_traits:1759:26:[m[K [01;31m[Kerror: [m[Kâ€˜[01m[Ksize_t[m[Kâ€™ does not name a type
[0.819s]  1759 |       { static constexpr [01;31m[Ksize_t[m[K __size = sizeof(_Tp); };
[0.819s]       |                          [01;31m[K^~~~~~[m[K
[0.819s] In file included from [01m[K/usr/include/c++/11/bits/move.h:57[m[K,
[0.819s]                  from [01m[K/usr/include/c++/11/bits/stl_pair.h:59[m[K,
[0.819s]                  from [01m[K/usr/include/c++/11/bits/stl_algobase.h:64[m[K,
[0.819s]                  from [01m[K/usr/include/c++/11/memory:63[m[K,
[0.819s]                  from [01m[K/home/thien/Documents/IE_ROS/Project_6/src/fun_numbers/src/fibonacci_server.cpp:2[m[K:
[0.819s] [01m[K/usr/include/c++/11/type_traits:1:1:[m[K [01;36m[Knote: [m[Kâ€˜[01m[Ksize_t[m[Kâ€™ is defined in header â€˜[01m[K<cstddef>[m[Kâ€™; did you forget to â€˜[01m[K#include <cstddef>[m[Kâ€™?
[0.820s]   +++ |+[32m[K#include <cstddef>[m[K
[0.820s]     1 | // C++11 <type_traits> -*- C++ -*-
[0.820s] In file included from [01m[K/usr/include/c++/11/bits/move.h:57[m[K,
[0.820s]                  from [01m[K/usr/include/c++/11/bits/stl_pair.h:59[m[K,
[0.820s]                  from [01m[K/usr/include/c++/11/bits/stl_algobase.h:64[m[K,
[0.820s]                  from [01m[K/usr/include/c++/11/memory:63[m[K,
[0.820s]                  from [01m[K/home/thien/Documents/IE_ROS/Project_6/src/fun_numbers/src/fibonacci_server.cpp:2[m[K:
[0.820s] [01m[K/usr/include/c++/11/type_traits:1761:14:[m[K [01;31m[Kerror: [m[Kâ€˜[01m[Ksize_t[m[Kâ€™ has not been declared
[0.821s]  1761 |     template<[01;31m[Ksize_t[m[K _Sz, typename _Tp, bool = (_Sz <= _Tp::__size)>
[0.821s]       |              [01;31m[K^~~~~~[m[K
[0.822s] [01m[K/usr/include/c++/11/type_traits:1761:48:[m[K [01;31m[Kerror: [m[Kâ€˜[01m[K_Sz[m[Kâ€™ was not declared in this scope
[0.822s]  1761 |     template<size_t _Sz, typename _Tp, bool = ([01;31m[K_Sz[m[K <= _Tp::__size)>
[0.822s]       |                                                [01;31m[K^~~[m[K
[0.822s] [01m[K/usr/include/c++/11/type_traits:1762:14:[m[K [01;31m[Kerror: [m[Kno default argument for â€˜[01m[K_Tp[m[Kâ€™
[0.822s]  1762 |       struct [01;31m[K__select[m[K;
[0.823s]       |              [01;31m[K^~~~~~~~[m[K
[0.823s] [01m[K/usr/include/c++/11/type_traits:1764:14:[m[K [01;31m[Kerror: [m[Kâ€˜[01m[Ksize_t[m[Kâ€™ has not been declared
[0.823s]  1764 |     template<[01;31m[Ksize_t[m[K _Sz, typename _Uint, typename... _UInts>
[0.823s]       |              [01;31m[K^~~~~~[m[K
[0.826s] [01m[K/usr/include/c++/11/type_traits:1765:23:[m[K [01;31m[Kerror: [m[Kâ€˜[01m[K_Sz[m[Kâ€™ was not declared in this scope
[0.826s]  1765 |       struct __select<[01;31m[K_Sz[m[K, _List<_Uint, _UInts...>, true>
[0.826s]       |                       [01;31m[K^~~[m[K
[0.826s] [01m[K/usr/include/c++/11/type_traits:1765:57:[m[K [01;31m[Kerror: [m[Ktemplate argument 1 is invalid
[0.826s]  1765 |       struct __select<_Sz, _List<_Uint, _UInts...>, true[01;31m[K>[m[K
[0.826s]       |                                                         [01;31m[K^[m[K
[0.827s] [01m[K/usr/include/c++/11/type_traits:1768:14:[m[K [01;31m[Kerror: [m[Kâ€˜[01m[Ksize_t[m[Kâ€™ has not been declared
[0.827s]  1768 |     template<[01;31m[Ksize_t[m[K _Sz, typename _Uint, typename... _UInts>
[0.827s]       |              [01;31m[K^~~~~~[m[K
[0.830s] [01m[K/usr/include/c++/11/type_traits:1769:23:[m[K [01;31m[Kerror: [m[Kâ€˜[01m[K_Sz[m[Kâ€™ was not declared in this scope
[0.830s]  1769 |       struct __select<[01;31m[K_Sz[m[K, _List<_Uint, _UInts...>, false>
[0.830s]       |                       [01;31m[K^~~[m[K
[0.830s] [01m[K/usr/include/c++/11/type_traits:1769:58:[m[K [01;31m[Kerror: [m[Ktemplate argument 1 is invalid
[0.831s]  1769 |       struct __select<_Sz, _List<_Uint, _UInts...>, false[01;31m[K>[m[K
[0.831s]       |                                                          [01;31m[K^[m[K
[0.833s] [01m[K/usr/include/c++/11/type_traits:1770:18:[m[K [01;31m[Kerror: [m[Kâ€˜[01m[K_Sz[m[Kâ€™ was not declared in this scope
[0.833s]  1770 |       : __select<[01;31m[K_Sz[m[K, _List<_UInts...>>
[0.833s]       |                  [01;31m[K^~~[m[K
[0.834s] [01m[K/usr/include/c++/11/type_traits:1770:38:[m[K [01;31m[Kerror: [m[Ktemplate argument 1 is invalid
[0.834s]  1770 |       : __select<_Sz, _List<_UInts...[01;31m[K>>[m[K
[0.834s]       |                                      [01;31m[K^~[m[K
[0.834s] [01m[K/usr/include/c++/11/type_traits:1761:60:[m[K [01;31m[Kerror: [m[Kâ€˜[01m[K__size[m[Kâ€™ is not a member of â€˜[01m[Kstd::__make_unsigned_selector_base::_List<unsigned char, short unsigned int, unsigned int, long unsigned int, long long unsigned int>[m[Kâ€™
[0.834s]  1761 |     template<size_t _Sz, typename _Tp, bool = (_Sz <= _Tp::[01;31m[K__size[m[K)>
[0.835s]       |                                                            [01;31m[K^~~~~~[m[K
[0.835s] [01m[K/usr/include/c++/11/type_traits:1783:68:[m[K [01;31m[Kerror: [m[Ktemplate argument 3 is invalid
[0.835s]  1783 |       using __unsigned_type = typename __select<sizeof(_Tp), _UInts[01;31m[K>[m[K::__type;
[0.835s]       |                                                                    [01;31m[K^[m[K
[0.842s] [01m[K/usr/include/c++/11/type_traits:1787:47:[m[K [01;31m[Kerror: [m[Kâ€˜[01m[K__unsigned_type[m[Kâ€™ was not declared in this scope
[0.842s]  1787 |         = typename __match_cv_qualifiers<_Tp, [01;31m[K__unsigned_type[m[K>::__type;
[0.843s]       |                                               [01;31m[K^~~~~~~~~~~~~~~[m[K
[0.843s] [01m[K/usr/include/c++/11/type_traits:1787:62:[m[K [01;31m[Kerror: [m[Ktemplate argument 2 is invalid
[0.844s]  1787 |         = typename __match_cv_qualifiers<_Tp, __unsigned_type[01;31m[K>[m[K::__type;
[0.844s]       |                                                              [01;31m[K^[m[K
[0.844s] [01m[K/usr/include/c++/11/type_traits:1799:68:[m[K [01;31m[Kerror: [m[Kâ€˜[01m[K__type[m[Kâ€™ in â€˜[01m[Kclass std::__make_unsigned_selector<wchar_t, false, true>[m[Kâ€™ does not name a type
[0.844s]  1799 |         = typename __make_unsigned_selector<wchar_t, false, true>::[01;31m[K__type[m[K;
[0.844s]       |                                                                    [01;31m[K^~~~~~[m[K
[0.845s] [01m[K/usr/include/c++/11/type_traits:1816:69:[m[K [01;31m[Kerror: [m[Kâ€˜[01m[K__type[m[Kâ€™ in â€˜[01m[Kclass std::__make_unsigned_selector<char16_t, false, true>[m[Kâ€™ does not name a type
[0.845s]  1816 |         = typename __make_unsigned_selector<char16_t, false, true>::[01;31m[K__type[m[K;
[0.845s]       |                                                                     [01;31m[K^~~~~~[m[K
[0.845s] [01m[K/usr/include/c++/11/type_traits:1823:69:[m[K [01;31m[Kerror: [m[Kâ€˜[01m[K__type[m[Kâ€™ in â€˜[01m[Kclass std::__make_unsigned_selector<char32_t, false, true>[m[Kâ€™ does not name a type
[0.846s]  1823 |         = typename __make_unsigned_selector<char32_t, false, true>::[01;31m[K__type[m[K;
[0.846s]       |                                                                     [01;31m[K^~~~~~[m[K
[0.846s] /usr/include/c++/11/type_traits: In instantiation of â€˜[01m[Kclass std::__make_unsigned_selector<wchar_t, true, false>[m[Kâ€™:
[0.846s] [01m[K/usr/include/c++/11/type_traits:1912:62:[m[K   required from â€˜[01m[Kclass std::__make_signed_selector<wchar_t, false, true>[m[Kâ€™
[0.847s] [01m[K/usr/include/c++/11/type_traits:1927:57:[m[K   required from here
[0.847s] [01m[K/usr/include/c++/11/type_traits:1744:13:[m[K [01;31m[Kerror: [m[Kno type named â€˜[01m[K__type[m[Kâ€™ in â€˜[01m[Kstruct std::__make_unsigned<wchar_t>[m[Kâ€™
[0.847s]  1744 |       using [01;31m[K__unsigned_type[m[K
[0.847s]       |             [01;31m[K^~~~~~~~~~~~~~~[m[K
[0.848s] [01m[K/usr/include/c++/11/type_traits:1748:13:[m[K [01;31m[Kerror: [m[Kno type named â€˜[01m[K__type[m[Kâ€™ in â€˜[01m[Kstruct std::__make_unsigned<wchar_t>[m[Kâ€™
[0.848s]  1748 |       using [01;31m[K__type[m[K
[0.848s]       |             [01;31m[K^~~~~~[m[K
[0.848s] [01m[K/usr/include/c++/11/type_traits:1927:66:[m[K [01;31m[Kerror: [m[Kinvalid combination of multiple type-specifiers
[0.848s]  1927 |         = typename __make_signed_selector<wchar_t, false, true>::[01;31m[K__type[m[K;
[0.849s]       |                                                                  [01;31m[K^~~~~~[m[K
[0.849s] /usr/include/c++/11/type_traits: In instantiation of â€˜[01m[Kclass std::__make_unsigned_selector<char16_t, true, false>[m[Kâ€™:
[0.849s] [01m[K/usr/include/c++/11/type_traits:1912:62:[m[K   required from â€˜[01m[Kclass std::__make_signed_selector<char16_t, false, true>[m[Kâ€™
[0.850s] [01m[K/usr/include/c++/11/type_traits:1944:58:[m[K   required from here
[0.850s] [01m[K/usr/include/c++/11/type_traits:1744:13:[m[K [01;31m[Kerror: [m[Kno type named â€˜[01m[K__type[m[Kâ€™ in â€˜[01m[Kstruct std::__make_unsigned<char16_t>[m[Kâ€™
[0.850s]  1744 |       using [01;31m[K__unsigned_type[m[K
[0.850s]       |             [01;31m[K^~~~~~~~~~~~~~~[m[K
[0.850s] [01m[K/usr/include/c++/11/type_traits:1748:13:[m[K [01;31m[Kerror: [m[Kno type named â€˜[01m[K__type[m[Kâ€™ in â€˜[01m[Kstruct std::__make_unsigned<char16_t>[m[Kâ€™
[0.851s]  1748 |       using [01;31m[K__type[m[K
[0.851s]       |             [01;31m[K^~~~~~[m[K
[0.851s] [01m[K/usr/include/c++/11/type_traits:1944:67:[m[K [01;31m[Kerror: [m[Kinvalid combination of multiple type-specifiers
[0.851s]  1944 |         = typename __make_signed_selector<char16_t, false, true>::[01;31m[K__type[m[K;
[0.852s]       |                                                                   [01;31m[K^~~~~~[m[K
[0.852s] /usr/include/c++/11/type_traits: In instantiation of â€˜[01m[Kclass std::__make_unsigned_selector<char32_t, true, false>[m[Kâ€™:
[0.852s] [01m[K/usr/include/c++/11/type_traits:1912:62:[m[K   required from â€˜[01m[Kclass std::__make_signed_selector<char32_t, false, true>[m[Kâ€™
[0.852s] [01m[K/usr/include/c++/11/type_traits:1951:58:[m[K   required from here
[0.852s] [01m[K/usr/include/c++/11/type_traits:1744:13:[m[K [01;31m[Kerror: [m[Kno type named â€˜[01m[K__type[m[Kâ€™ in â€˜[01m[Kstruct std::__make_unsigned<char32_t>[m[Kâ€™
[0.853s]  1744 |       using [01;31m[K__unsigned_type[m[K
[0.853s]       |             [01;31m[K^~~~~~~~~~~~~~~[m[K
[0.853s] [01m[K/usr/include/c++/11/type_traits:1748:13:[m[K [01;31m[Kerror: [m[Kno type named â€˜[01m[K__type[m[Kâ€™ in â€˜[01m[Kstruct std::__make_unsigned<char32_t>[m[Kâ€™
[0.853s]  1748 |       using [01;31m[K__type[m[K
[0.854s]       |             [01;31m[K^~~~~~[m[K
[0.854s] [01m[K/usr/include/c++/11/type_traits:1951:67:[m[K [01;31m[Kerror: [m[Kinvalid combination of multiple type-specifiers
[0.854s]  1951 |         = typename __make_signed_selector<char32_t, false, true>::[01;31m[K__type[m[K;
[0.854s]       |                                                                   [01;31m[K^~~~~~[m[K
[0.855s] [01m[K/usr/include/c++/11/type_traits:1984:26:[m[K [01;31m[Kerror: [m[Kâ€˜[01m[Kstd::size_t[m[Kâ€™ has not been declared
[0.855s]  1984 |   template<typename _Tp, [01;31m[Kstd[m[K::size_t _Size>
[0.855s]       |                          [01;31m[K^~~[m[K
[0.855s] [01m[K/usr/include/c++/11/type_traits:1985:30:[m[K [01;31m[Kerror: [m[Kâ€˜[01m[K_Size[m[Kâ€™ was not declared in this scope
[0.856s]  1985 |     struct remove_extent<_Tp[[01;31m[K_Size[m[K]>
[0.856s]       |                              [01;31m[K^~~~~[m[K
[0.856s] [01m[K/usr/include/c++/11/type_traits:1985:36:[m[K [01;31m[Kerror: [m[Ktemplate argument 1 is invalid
[0.856s]  1985 |     struct remove_extent<_Tp[_Size][01;31m[K>[m[K
[0.856s]       |                                    [01;31m[K^[m[K
[0.857s] [01m[K/usr/include/c++/11/type_traits:1997:26:[m[K [01;31m[Kerror: [m[Kâ€˜[01m[Kstd::size_t[m[Kâ€™ has not been declared
[0.857s]  1997 |   template<typename _Tp, [01;31m[Kstd[m[K::size_t _Size>
[0.857s]       |                          [01;31m[K^~~[m[K
[0.857s] [01m[K/usr/include/c++/11/type_traits:1998:35:[m[K [01;31m[Kerror: [m[Kâ€˜[01m[K_Size[m[Kâ€™ was not declared in this scope
[0.858s]  1998 |     struct remove_all_extents<_Tp[[01;31m[K_Size[m[K]>
[0.858s]       |                                   [01;31m[K^~~~~[m[K
[0.858s] [01m[K/usr/include/c++/11/type_traits:1998:41:[m[K [01;31m[Kerror: [m[Ktemplate argument 1 is invalid
[0.858s]  1998 |     struct remove_all_extents<_Tp[_Size][01;31m[K>[m[K
[0.859s]       |                                         [01;31m[K^[m[K
[0.859s] [01m[K/usr/include/c++/11/type_traits:2056:12:[m[K [01;31m[Kerror: [m[Kâ€˜[01m[Kstd::size_t[m[Kâ€™ has not been declared
[0.859s]  2056 |   template<[01;31m[Kstd[m[K::size_t _Len>
[0.860s]       |            [01;31m[K^~~[m[K
[0.860s] [01m[K/usr/include/c++/11/type_traits:2061:30:[m[K [01;31m[Kerror: [m[Kâ€˜[01m[K_Len[m[Kâ€™ was not declared in this scope
[0.860s]  2061 |         unsigned char __data[[01;31m[K_Len[m[K];
[0.860s]       |                              [01;31m[K^~~~[m[K
[0.861s] [01m[K/usr/include/c++/11/type_traits:2076:12:[m[K [01;31m[Kerror: [m[Kâ€˜[01m[Kstd::size_t[m[Kâ€™ has not been declared
[0.861s]  2076 |   template<[01;31m[Kstd[m[K::size_t _Len, std::size_t _Align =
[0.861s]       |            [01;31m[K^~~[m[K
[0.862s] [01m[K/usr/include/c++/11/type_traits:2076:30:[m[K [01;31m[Kerror: [m[Kâ€˜[01m[Kstd::size_t[m[Kâ€™ has not been declared
[0.862s]  2076 |   template<std::size_t _Len, [01;31m[Kstd[m[K::size_t _Align =
[0.862s]       |                              [01;31m[K^~~[m[K
[0.862s] [01m[K/usr/include/c++/11/type_traits:2077:55:[m[K [01;31m[Kerror: [m[Kâ€˜[01m[K_Len[m[Kâ€™ was not declared in this scope
[0.863s]  2077 |            __alignof__(typename __aligned_storage_msa<[01;31m[K_Len[m[K>::__type)>
[0.863s]       |                                                       [01;31m[K^~~~[m[K
[0.863s] [01m[K/usr/include/c++/11/type_traits:2077:59:[m[K [01;31m[Kerror: [m[Ktemplate argument 1 is invalid
[0.864s]  2077 |            __alignof__(typename __aligned_storage_msa<_Len[01;31m[K>[m[K::__type)>
[0.864s]       |                                                           [01;31m[K^[m[K
[0.864s] [01m[K/usr/include/c++/11/type_traits:2082:30:[m[K [01;31m[Kerror: [m[Kâ€˜[01m[K_Len[m[Kâ€™ was not declared in this scope
[0.864s]  2082 |         unsigned char __data[[01;31m[K_Len[m[K];
[0.865s]       |                              [01;31m[K^~~~[m[K
[0.865s] [01m[K/usr/include/c++/11/type_traits:2083:44:[m[K [01;31m[Kerror: [m[Kâ€˜[01m[K_Align[m[Kâ€™ was not declared in this scope
[0.865s]  2083 |         struct __attribute__((__aligned__(([01;31m[K_Align[m[K)))) { } __align;
[0.865s]       |                                            [01;31m[K^~~~~~[m[K
[0.865s] [01m[K/usr/include/c++/11/type_traits:2090:20:[m[K [01;31m[Kerror: [m[Kâ€˜[01m[Ksize_t[m[Kâ€™ does not name a type
[0.866s]  2090 |       static const [01;31m[Ksize_t[m[K _S_alignment = 0;
[0.866s]       |                    [01;31m[K^~~~~~[m[K
[0.866s] [01m[K/usr/include/c++/11/type_traits:2090:20:[m[K [01;36m[Knote: [m[Kâ€˜[01m[Ksize_t[m[Kâ€™ is defined in header â€˜[01m[K<cstddef>[m[Kâ€™; did you forget to â€˜[01m[K#include <cstddef>[m[Kâ€™?
[0.867s] [01m[K/usr/include/c++/11/type_traits:2091:20:[m[K [01;31m[Kerror: [m[Kâ€˜[01m[Ksize_t[m[Kâ€™ does not name a type
[0.867s]  2091 |       static const [01;31m[Ksize_t[m[K _S_size = 0;
[0.868s]       |                    [01;31m[K^~~~~~[m[K
[0.868s] [01m[K/usr/include/c++/11/type_traits:2091:20:[m[K [01;36m[Knote: [m[Kâ€˜[01m[Ksize_t[m[Kâ€™ is defined in header â€˜[01m[K<cstddef>[m[Kâ€™; did you forget to â€˜[01m[K#include <cstddef>[m[Kâ€™?
[0.868s] [01m[K/usr/include/c++/11/type_traits:2097:20:[m[K [01;31m[Kerror: [m[Kâ€˜[01m[Ksize_t[m[Kâ€™ does not name a type
[0.868s]  2097 |       static const [01;31m[Ksize_t[m[K _S_alignment =
[0.868s]       |                    [01;31m[K^~~~~~[m[K
[0.869s] [01m[K/usr/include/c++/11/type_traits:2097:20:[m[K [01;36m[Knote: [m[Kâ€˜[01m[Ksize_t[m[Kâ€™ is defined in header â€˜[01m[K<cstddef>[m[Kâ€™; did you forget to â€˜[01m[K#include <cstddef>[m[Kâ€™?
[0.869s] [01m[K/usr/include/c++/11/type_traits:2100:20:[m[K [01;31m[Kerror: [m[Kâ€˜[01m[Ksize_t[m[Kâ€™ does not name a type
[0.869s]  2100 |       static const [01;31m[Ksize_t[m[K _S_size =
[0.869s]       |                    [01;31m[K^~~~~~[m[K
[0.870s] [01m[K/usr/include/c++/11/type_traits:2100:20:[m[K [01;36m[Knote: [m[Kâ€˜[01m[Ksize_t[m[Kâ€™ is defined in header â€˜[01m[K<cstddef>[m[Kâ€™; did you forget to â€˜[01m[K#include <cstddef>[m[Kâ€™?
[0.870s] [01m[K/usr/include/c++/11/type_traits:2115:13:[m[K [01;31m[Kerror: [m[Kâ€˜[01m[Ksize_t[m[Kâ€™ has not been declared
[0.870s]  2115 |   template <[01;31m[Ksize_t[m[K _Len, typename... _Types>
[0.871s]       |             [01;31m[K^~~~~~[m[K
[0.871s] [01m[K/usr/include/c++/11/type_traits:2122:20:[m[K [01;31m[Kerror: [m[Kâ€˜[01m[Ksize_t[m[Kâ€™ does not name a type
[0.871s]  2122 |       static const [01;31m[Ksize_t[m[K _S_len = _Len > __strictest::_S_size
[0.871s]       |                    [01;31m[K^~~~~~[m[K
[0.872s] [01m[K/usr/include/c++/11/type_traits:2122:20:[m[K [01;36m[Knote: [m[Kâ€˜[01m[Ksize_t[m[Kâ€™ is defined in header â€˜[01m[K<cstddef>[m[Kâ€™; did you forget to â€˜[01m[K#include <cstddef>[m[Kâ€™?
[0.872s] [01m[K/usr/include/c++/11/type_traits:2126:20:[m[K [01;31m[Kerror: [m[Kâ€˜[01m[Ksize_t[m[Kâ€™ does not name a type
[0.872s]  2126 |       static const [01;31m[Ksize_t[m[K alignment_value = __strictest::_S_alignment;
[0.872s]       |                    [01;31m[K^~~~~~[m[K
[0.873s] [01m[K/usr/include/c++/11/type_traits:2126:20:[m[K [01;36m[Knote: [m[Kâ€˜[01m[Ksize_t[m[Kâ€™ is defined in header â€˜[01m[K<cstddef>[m[Kâ€™; did you forget to â€˜[01m[K#include <cstddef>[m[Kâ€™?
[0.873s] [01m[K/usr/include/c++/11/type_traits:2128:40:[m[K [01;31m[Kerror: [m[Kâ€˜[01m[K_S_len[m[Kâ€™ was not declared in this scope
[0.873s]  2128 |       typedef typename aligned_storage<[01;31m[K_S_len[m[K, alignment_value>::type type;
[0.873s]       |                                        [01;31m[K^~~~~~[m[K
[0.874s] [01m[K/usr/include/c++/11/type_traits:2128:48:[m[K [01;31m[Kerror: [m[Kâ€˜[01m[Kalignment_value[m[Kâ€™ was not declared in this scope; did you mean â€˜[01m[Kalignment_of[m[Kâ€™?
[0.874s]  2128 |       typedef typename aligned_storage<_S_len, [01;31m[Kalignment_value[m[K>::type type;
[0.874s]       |                                                [01;31m[K^~~~~~~~~~~~~~~[m[K
[0.874s]       |                                                [32m[Kalignment_of[m[K
[0.875s] [01m[K/usr/include/c++/11/type_traits:2128:63:[m[K [01;31m[Kerror: [m[Ktemplate argument 1 is invalid
[0.875s]  2128 |       typedef typename aligned_storage<_S_len, alignment_value[01;31m[K>[m[K::type type;
[0.875s]       |                                                               [01;31m[K^[m[K
[0.876s] [01m[K/usr/include/c++/11/type_traits:2128:63:[m[K [01;31m[Kerror: [m[Ktemplate argument 2 is invalid
[0.876s] [01m[K/usr/include/c++/11/type_traits:2131:13:[m[K [01;31m[Kerror: [m[Kâ€˜[01m[Ksize_t[m[Kâ€™ has not been declared
[0.876s]  2131 |   template <[01;31m[Ksize_t[m[K _Len, typename... _Types>
[0.876s]       |             [01;31m[K^~~~~~[m[K
[0.877s] [01m[K/usr/include/c++/11/type_traits:2132:11:[m[K [01;31m[Kerror: [m[Kâ€˜[01m[Ksize_t[m[Kâ€™ does not name a type
[0.877s]  2132 |     const [01;31m[Ksize_t[m[K aligned_union<_Len, _Types...>::alignment_value;
[0.877s]       |           [01;31m[K^~~~~~[m[K
[0.877s] [01m[K/usr/include/c++/11/type_traits:2132:11:[m[K [01;36m[Knote: [m[Kâ€˜[01m[Ksize_t[m[Kâ€™ is defined in header â€˜[01m[K<cstddef>[m[Kâ€™; did you forget to â€˜[01m[K#include <cstddef>[m[Kâ€™?
[0.878s] [01m[K/usr/include/c++/11/type_traits:2566:12:[m[K [01;31m[Kerror: [m[Kâ€˜[01m[Ksize_t[m[Kâ€™ has not been declared
[0.878s]  2566 |   template<[01;31m[Ksize_t[m[K _Len, size_t _Align =
[0.878s]       |            [01;31m[K^~~~~~[m[K
[0.879s] [01m[K/usr/include/c++/11/type_traits:2566:25:[m[K [01;31m[Kerror: [m[Kâ€˜[01m[Ksize_t[m[Kâ€™ has not been declared
[0.879s]  2566 |   template<size_t _Len, [01;31m[Ksize_t[m[K _Align =
[0.879s]       |                         [01;31m[K^~~~~~[m[K
[0.879s] [01m[K/usr/include/c++/11/type_traits:2567:56:[m[K [01;31m[Kerror: [m[Kâ€˜[01m[K_Len[m[Kâ€™ was not declared in this scope
[0.880s]  2567 |             __alignof__(typename __aligned_storage_msa<[01;31m[K_Len[m[K>::__type)>
[0.880s]       |                                                        [01;31m[K^~~~[m[K
[0.880s] [01m[K/usr/include/c++/11/type_traits:2567:60:[m[K [01;31m[Kerror: [m[Ktemplate argument 1 is invalid
[0.880s]  2567 |             __alignof__(typename __aligned_storage_msa<_Len[01;31m[K>[m[K::__type)>
[0.880s]       |                                                            [01;31m[K^[m[K
[0.881s] [01m[K/usr/include/c++/11/type_traits:2568:56:[m[K [01;31m[Kerror: [m[Kâ€˜[01m[K_Len[m[Kâ€™ was not declared in this scope
[0.881s]  2568 |     using aligned_storage_t = typename aligned_storage<[01;31m[K_Len[m[K, _Align>::type;
[0.881s]       |                                                        [01;31m[K^~~~[m[K
[0.883s] [01m[K/usr/include/c++/11/type_traits:2568:62:[m[K [01;31m[Kerror: [m[Kâ€˜[01m[K_Align[m[Kâ€™ was not declared in this scope
[0.883s]  2568 |     using aligned_storage_t = typename aligned_storage<_Len, [01;31m[K_Align[m[K>::type;
[0.883s]       |                                                              [01;31m[K^~~~~~[m[K
[0.883s] [01m[K/usr/include/c++/11/type_traits:2568:68:[m[K [01;31m[Kerror: [m[Ktemplate argument 1 is invalid
[0.884s]  2568 |     using aligned_storage_t = typename aligned_storage<_Len, _Align[01;31m[K>[m[K::type;
[0.884s]       |                                                                    [01;31m[K^[m[K
[0.884s] [01m[K/usr/include/c++/11/type_traits:2568:68:[m[K [01;31m[Kerror: [m[Ktemplate argument 2 is invalid
[0.884s] [01m[K/usr/include/c++/11/type_traits:2570:13:[m[K [01;31m[Kerror: [m[Kâ€˜[01m[Ksize_t[m[Kâ€™ has not been declared
[0.885s]  2570 |   template <[01;31m[Ksize_t[m[K _Len, typename... _Types>
[0.885s]       |             [01;31m[K^~~~~~[m[K
[0.885s] [01m[K/usr/include/c++/11/type_traits:2571:52:[m[K [01;31m[Kerror: [m[Kâ€˜[01m[K_Len[m[Kâ€™ was not declared in this scope
[0.886s]  2571 |     using aligned_union_t = typename aligned_union<[01;31m[K_Len[m[K, _Types...>::type;
[0.886s]       |                                                    [01;31m[K^~~~[m[K
[0.886s] [01m[K/usr/include/c++/11/type_traits:2571:67:[m[K [01;31m[Kerror: [m[Ktemplate argument 1 is invalid
[0.886s]  2571 |     using aligned_union_t = typename aligned_union<_Len, _Types...[01;31m[K>[m[K::type;
[0.887s]       |                                                                   [01;31m[K^[m[K
[0.887s] [01m[K/usr/include/c++/11/type_traits:2680:26:[m[K [01;31m[Kerror: [m[Kâ€˜[01m[Ksize_t[m[Kâ€™ has not been declared
[0.887s]  2680 |   template<typename _Tp, [01;31m[Ksize_t[m[K _Nm>
[0.887s]       |                          [01;31m[K^~~~~~[m[K
[0.890s] [01m[K/usr/include/c++/11/type_traits:2684:21:[m[K [01;31m[Kerror: [m[Kâ€˜[01m[K_Nm[m[Kâ€™ was not declared in this scope
[0.890s]  2684 |     swap(_Tp (&__a)[[01;31m[K_Nm[m[K], _Tp (&__b)[_Nm])
[0.890s]       |                     [01;31m[K^~~[m[K
[0.890s] [01m[K/usr/include/c++/11/type_traits:2684:24:[m[K [01;31m[Kerror: [m[Kâ€˜[01m[Ktemplate<class _Tp, <declaration error> > std::__enable_if_t<std::__is_swappable<_Tp>::value> std::swap[m[Kâ€™ conflicts with a previous declaration
[0.891s]  2684 |     swap(_Tp (&__a)[_Nm[01;31m[K][m[K, _Tp (&__b)[_Nm])
[0.891s]       |                        [01;31m[K^[m[K
[0.891s] [01m[K/usr/include/c++/11/type_traits:2676:5:[m[K [01;36m[Knote: [m[Kprevious declaration â€˜[01m[Kstd::_Require<std::__not_<std::__is_tuple_like<_Tp> >, std::is_move_constructible<_Tp>, std::is_move_assignable<_Tp> > std::swap(_Tp&, _Tp&)[m[Kâ€™
[0.891s]  2676 |     [01;36m[Kswap[m[K(_Tp&, _Tp&)
[0.892s]       |     [01;36m[K^~~~[m[K
[0.893s] [01m[K/usr/include/c++/11/type_traits:2684:16:[m[K [01;31m[Kerror: [m[Kâ€˜[01m[K__a[m[Kâ€™ was not declared in this scope
[0.893s]  2684 |     swap(_Tp (&[01;31m[K__a[m[K)[_Nm], _Tp (&__b)[_Nm])
[0.893s]       |                [01;31m[K^~~[m[K
[0.896s] [01m[K/usr/include/c++/11/type_traits:2684:21:[m[K [01;31m[Kerror: [m[Kâ€˜[01m[K_Nm[m[Kâ€™ was not declared in this scope
[0.897s]  2684 |     swap(_Tp (&__a)[[01;31m[K_Nm[m[K], _Tp (&__b)[_Nm])
[0.897s]       |                     [01;31m[K^~~[m[K
[0.899s] [01m[K/usr/include/c++/11/type_traits:2684:33:[m[K [01;31m[Kerror: [m[Kâ€˜[01m[K__b[m[Kâ€™ was not declared in this scope
[0.900s]  2684 |     swap(_Tp (&__a)[_Nm], _Tp (&[01;31m[K__b[m[K)[_Nm])
[0.900s]       |                                 [01;31m[K^~~[m[K
[0.902s] [01m[K/usr/include/c++/11/type_traits:2684:38:[m[K [01;31m[Kerror: [m[Kâ€˜[01m[K_Nm[m[Kâ€™ was not declared in this scope
[0.902s]  2684 |     swap(_Tp (&__a)[_Nm], _Tp (&__b)[[01;31m[K_Nm[m[K])
[0.902s]       |                                      [01;31m[K^~~[m[K
[0.902s] [01m[K/usr/include/c++/11/type_traits:2684:43:[m[K [01;31m[Kerror: [m[Kexpected â€˜[01m[K;[m[Kâ€™ before â€˜[01m[Knoexcept[m[Kâ€™
[0.902s]  2684 |     swap(_Tp (&__a)[_Nm], _Tp (&__b)[_Nm])
[0.902s]       |                                           [01;31m[K^[m[K
[0.903s]       |                                           [32m[K;[m[K
[0.903s]  2685 |     [32m[Knoexcept[m[K(__is_nothrow_swappable<_Tp>::value);
[0.903s]       |     [32m[K~~~~~~~~[m[K                               
[0.906s] [01m[K/usr/include/c++/11/type_traits:3244:20:[m[K [01;31m[Kerror: [m[Kâ€˜[01m[Ksize_t[m[Kâ€™ does not name a type
[0.906s]  3244 |   inline constexpr [01;31m[Ksize_t[m[K alignment_of_v = alignment_of<_Tp>::value;
[0.907s]       |                    [01;31m[K^~~~~~[m[K
[0.907s] [01m[K/usr/include/c++/11/type_traits:3244:20:[m[K [01;36m[Knote: [m[Kâ€˜[01m[Ksize_t[m[Kâ€™ is defined in header â€˜[01m[K<cstddef>[m[Kâ€™; did you forget to â€˜[01m[K#include <cstddef>[m[Kâ€™?
[0.907s] [01m[K/usr/include/c++/11/type_traits:3246:20:[m[K [01;31m[Kerror: [m[Kâ€˜[01m[Ksize_t[m[Kâ€™ does not name a type
[0.908s]  3246 |   inline constexpr [01;31m[Ksize_t[m[K rank_v = rank<_Tp>::value;
[0.908s]       |                    [01;31m[K^~~~~~[m[K
[0.908s] [01m[K/usr/include/c++/11/type_traits:3246:20:[m[K [01;36m[Knote: [m[Kâ€˜[01m[Ksize_t[m[Kâ€™ is defined in header â€˜[01m[K<cstddef>[m[Kâ€™; did you forget to â€˜[01m[K#include <cstddef>[m[Kâ€™?
[0.908s] [01m[K/usr/include/c++/11/type_traits:3248:20:[m[K [01;31m[Kerror: [m[Kâ€˜[01m[Ksize_t[m[Kâ€™ does not name a type
[0.908s]  3248 |   inline constexpr [01;31m[Ksize_t[m[K extent_v = extent<_Tp, _Idx>::value;
[0.908s]       |                    [01;31m[K^~~~~~[m[K
[0.909s] [01m[K/usr/include/c++/11/type_traits:3248:20:[m[K [01;36m[Knote: [m[Kâ€˜[01m[Ksize_t[m[Kâ€™ is defined in header â€˜[01m[K<cstddef>[m[Kâ€™; did you forget to â€˜[01m[K#include <cstddef>[m[Kâ€™?
[0.909s] In file included from [01m[K/usr/include/c++/11/bits/stl_pair.h:59[m[K,
[0.909s]                  from [01m[K/usr/include/c++/11/bits/stl_algobase.h:64[m[K,
[0.909s]                  from [01m[K/usr/include/c++/11/memory:63[m[K,
[0.909s]                  from [01m[K/home/thien/Documents/IE_ROS/Project_6/src/fun_numbers/src/fibonacci_server.cpp:2[m[K:
[0.909s] [01m[K/usr/include/c++/11/bits/move.h:212:26:[m[K [01;31m[Kerror: [m[Kâ€˜[01m[Ksize_t[m[Kâ€™ has not been declared
[0.909s]   212 |   template<typename _Tp, [01;31m[Ksize_t[m[K _Nm>
[0.909s]       |                          [01;31m[K^~~~~~[m[K
[0.911s] [01m[K/usr/include/c++/11/bits/move.h:220:21:[m[K [01;31m[Kerror: [m[Kâ€˜[01m[K_Nm[m[Kâ€™ was not declared in this scope
[0.911s]   220 |     swap(_Tp (&__a)[[01;31m[K_Nm[m[K], _Tp (&__b)[_Nm])
[0.911s]       |                     [01;31m[K^~~[m[K
[0.912s] [01m[K/usr/include/c++/11/bits/move.h:220:24:[m[K [01;31m[Kerror: [m[Kâ€˜[01m[Ktemplate<class _Tp, <declaration error> > typename std::enable_if<std::__is_swappable<_Tp>::value, void>::type std::swap[m[Kâ€™ conflicts with a previous declaration
[0.912s]   220 |     swap(_Tp (&__a)[_Nm[01;31m[K][m[K, _Tp (&__b)[_Nm])
[0.912s]       |                        [01;31m[K^[m[K
[0.912s] [01m[K/usr/include/c++/11/bits/move.h:196:5:[m[K [01;36m[Knote: [m[Kprevious declaration â€˜[01m[Kstd::_Require<std::__not_<std::__is_tuple_like<_Tp> >, std::is_move_constructible<_Tp>, std::is_move_assignable<_Tp> > std::swap(_Tp&, _Tp&)[m[Kâ€™
[0.912s]   196 |     [01;36m[Kswap[m[K(_Tp& __a, _Tp& __b)
[0.912s]       |     [01;36m[K^~~~[m[K
[0.915s] [01m[K/usr/include/c++/11/bits/move.h:220:16:[m[K [01;31m[Kerror: [m[Kâ€˜[01m[K__a[m[Kâ€™ was not declared in this scope
[0.915s]   220 |     swap(_Tp (&[01;31m[K__a[m[K)[_Nm], _Tp (&__b)[_Nm])
[0.916s]       |                [01;31m[K^~~[m[K
[0.918s] [01m[K/usr/include/c++/11/bits/move.h:220:21:[m[K [01;31m[Kerror: [m[Kâ€˜[01m[K_Nm[m[Kâ€™ was not declared in this scope
[0.918s]   220 |     swap(_Tp (&__a)[[01;31m[K_Nm[m[K], _Tp (&__b)[_Nm])
[0.919s]       |                     [01;31m[K^~~[m[K
[0.921s] [01m[K/usr/include/c++/11/bits/move.h:220:33:[m[K [01;31m[Kerror: [m[Kâ€˜[01m[K__b[m[Kâ€™ was not declared in this scope
[0.921s]   220 |     swap(_Tp (&__a)[_Nm], _Tp (&[01;31m[K__b[m[K)[_Nm])
[0.921s]       |                                 [01;31m[K^~~[m[K
[0.922s] [01m[K/usr/include/c++/11/bits/move.h:220:38:[m[K [01;31m[Kerror: [m[Kâ€˜[01m[K_Nm[m[Kâ€™ was not declared in this scope
[0.923s]   220 |     swap(_Tp (&__a)[_Nm], _Tp (&__b)[[01;31m[K_Nm[m[K])
[0.923s]       |                                      [01;31m[K^~~[m[K
[0.923s] [01m[K/usr/include/c++/11/bits/move.h:220:43:[m[K [01;31m[Kerror: [m[Kexpected â€˜[01m[K;[m[Kâ€™ before â€˜[01m[Knoexcept[m[Kâ€™
[0.923s]   220 |     swap(_Tp (&__a)[_Nm], _Tp (&__b)[_Nm])
[0.923s]       |                                           [01;31m[K^[m[K
[0.924s]       |                                           [32m[K;[m[K
[0.924s] In file included from [01m[K/usr/include/c++/11/bits/stl_algobase.h:64[m[K,
[0.924s]                  from [01m[K/usr/include/c++/11/memory:63[m[K,
[0.924s]                  from [01m[K/home/thien/Documents/IE_ROS/Project_6/src/fun_numbers/src/fibonacci_server.cpp:2[m[K:
[0.924s] [01m[K/usr/include/c++/11/bits/stl_pair.h:92:12:[m[K [01;31m[Kerror: [m[Kâ€˜[01m[Ksize_t[m[Kâ€™ has not been declared
[0.925s]    92 |   template<[01;31m[Ksize_t[m[K...>
[0.925s]       |            [01;31m[K^~~~~~[m[K
[0.927s] [01m[K/usr/include/c++/11/bits/stl_pair.h:449:36:[m[K [01;31m[Kerror: [m[Kâ€˜[01m[Ksize_t[m[Kâ€™ has not been declared
[0.927s]   449 |       template<typename... _Args1, [01;31m[Ksize_t[m[K... _Indexes1,
[0.927s]       |                                    [01;31m[K^~~~~~[m[K
[0.927s] [01m[K/usr/include/c++/11/bits/stl_pair.h:450:36:[m[K [01;31m[Kerror: [m[Kâ€˜[01m[Ksize_t[m[Kâ€™ has not been declared
[0.928s]   450 |                typename... _Args2, [01;31m[Ksize_t[m[K... _Indexes2>
[0.928s]       |                                    [01;31m[K^~~~~~[m[K
[0.933s] [01m[K/usr/include/c++/11/bits/stl_pair.h:453:27:[m[K [01;31m[Kerror: [m[Kâ€˜[01m[K_Indexes1[m[Kâ€™ was not declared in this scope
[0.933s]   453 |              _Index_tuple<[01;31m[K_Indexes1[m[K...>, _Index_tuple<_Indexes2...>);
[0.933s]       |                           [01;31m[K^~~~~~~~~[m[K
[0.933s] [01m[K/usr/include/c++/11/bits/stl_pair.h:453:36:[m[K [01;31m[Kerror: [m[Kexpected parameter pack before â€˜[01m[K...[m[Kâ€™
[0.933s]   453 |              _Index_tuple<_Indexes1[01;31m[K...[m[K>, _Index_tuple<_Indexes2...>);
[0.934s]       |                                    [01;31m[K^~~[m[K
[0.934s] [01m[K/usr/include/c++/11/bits/stl_pair.h:453:39:[m[K [01;31m[Kerror: [m[Ktemplate argument 1 is invalid
[0.934s]   453 |              _Index_tuple<_Indexes1...[01;31m[K>[m[K, _Index_tuple<_Indexes2...>);
[0.934s]       |                                       [01;31m[K^[m[K
[0.939s] [01m[K/usr/include/c++/11/bits/stl_pair.h:453:55:[m[K [01;31m[Kerror: [m[Kâ€˜[01m[K_Indexes2[m[Kâ€™ was not declared in this scope
[0.939s]   453 |              _Index_tuple<_Indexes1...>, _Index_tuple<[01;31m[K_Indexes2[m[K...>);
[0.939s]       |                                                       [01;31m[K^~~~~~~~~[m[K
[0.939s] [01m[K/usr/include/c++/11/bits/stl_pair.h:453:64:[m[K [01;31m[Kerror: [m[Kexpected parameter pack before â€˜[01m[K...[m[Kâ€™
[0.939s]   453 |              _Index_tuple<_Indexes1...>, _Index_tuple<_Indexes2[01;31m[K...[m[K>);
[0.940s]       |                                                                [01;31m[K^~~[m[K
[0.940s] [01m[K/usr/include/c++/11/bits/stl_pair.h:453:67:[m[K [01;31m[Kerror: [m[Ktemplate argument 1 is invalid
[0.940s]   453 |              _Index_tuple<_Indexes1...>, _Index_tuple<_Indexes2...[01;31m[K>[m[K);
[0.940s]       |                                                                   [01;31m[K^[m[K
[0.941s] In file included from [01m[K/usr/include/c++/11/bits/stl_algobase.h:65[m[K,
[0.942s]                  from [01m[K/usr/include/c++/11/memory:63[m[K,
[0.942s]                  from [01m[K/home/thien/Documents/IE_ROS/Project_6/src/fun_numbers/src/fibonacci_server.cpp:2[m[K:
[0.942s] [01m[K/usr/include/c++/11/bits/stl_iterator_base_types.h:125:67:[m[K [01;31m[Kerror: [m[Kâ€˜[01m[Kptrdiff_t[m[Kâ€™ does not name a type
[0.942s]   125 |   template<typename _Category, typename _Tp, typename _Distance = [01;31m[Kptrdiff_t[m[K,
[0.943s]       |                                                                   [01;31m[K^~~~~~~~~[m[K
[0.943s] In file included from [01m[K/usr/include/c++/11/bits/stl_algobase.h:65[m[K,
[0.943s]                  from [01m[K/usr/include/c++/11/memory:63[m[K,
[0.943s]                  from [01m[K/home/thien/Documents/IE_ROS/Project_6/src/fun_numbers/src/fibonacci_server.cpp:2[m[K:
[0.943s] [01m[K/usr/include/c++/11/bits/stl_iterator_base_types.h:1:1:[m[K [01;36m[Knote: [m[Kâ€˜[01m[Kptrdiff_t[m[Kâ€™ is defined in header â€˜[01m[K<cstddef>[m[Kâ€™; did you forget to â€˜[01m[K#include <cstddef>[m[Kâ€™?
[0.944s]   +++ |+[32m[K#include <cstddef>[m[K
[0.944s]     1 | // Types used in iterator implementation -*- C++ -*-
[0.944s] In file included from [01m[K/usr/include/c++/11/bits/stl_algobase.h:65[m[K,
[0.944s]                  from [01m[K/usr/include/c++/11/memory:63[m[K,
[0.945s]                  from [01m[K/home/thien/Documents/IE_ROS/Project_6/src/fun_numbers/src/fibonacci_server.cpp:2[m[K:
[0.945s] [01m[K/usr/include/c++/11/bits/stl_iterator_base_types.h:214:15:[m[K [01;31m[Kerror: [m[Kâ€˜[01m[Kptrdiff_t[m[Kâ€™ does not name a type
[0.945s]   214 |       typedef [01;31m[Kptrdiff_t[m[K                   difference_type;
[0.945s]       |               [01;31m[K^~~~~~~~~[m[K
[0.945s] [01m[K/usr/include/c++/11/bits/stl_iterator_base_types.h:214:15:[m[K [01;36m[Knote: [m[Kâ€˜[01m[Kptrdiff_t[m[Kâ€™ is defined in header â€˜[01m[K<cstddef>[m[Kâ€™; did you forget to â€˜[01m[K#include <cstddef>[m[Kâ€™?
[0.946s] [01m[K/usr/include/c++/11/bits/stl_iterator_base_types.h:225:15:[m[K [01;31m[Kerror: [m[Kâ€˜[01m[Kptrdiff_t[m[Kâ€™ does not name a type
[0.946s]   225 |       typedef [01;31m[Kptrdiff_t[m[K                   difference_type;
[0.946s]       |               [01;31m[K^~~~~~~~~[m[K
[0.946s] [01m[K/usr/include/c++/11/bits/stl_iterator_base_types.h:225:15:[m[K [01;36m[Knote: [m[Kâ€˜[01m[Kptrdiff_t[m[Kâ€™ is defined in header â€˜[01m[K<cstddef>[m[Kâ€™; did you forget to â€˜[01m[K#include <cstddef>[m[Kâ€™?
[0.946s] In file included from [01m[K/usr/include/c++/11/bits/stl_algobase.h:66[m[K,
[0.947s]                  from [01m[K/usr/include/c++/11/memory:63[m[K,
[0.947s]                  from [01m[K/home/thien/Documents/IE_ROS/Project_6/src/fun_numbers/src/fibonacci_server.cpp:2[m[K:
[0.947s] [01m[K/usr/include/c++/11/bits/stl_iterator_base_funcs.h:110:5:[m[K [01;31m[Kerror: [m[Kâ€˜[01m[Kptrdiff_t[m[Kâ€™ does not name a type
[0.947s]   110 |     [01;31m[Kptrdiff_t[m[K
[0.948s]       |     [01;31m[K^~~~~~~~~[m[K
[0.948s] [01m[K/usr/include/c++/11/bits/stl_iterator_base_funcs.h:66:1:[m[K [01;36m[Knote: [m[Kâ€˜[01m[Kptrdiff_t[m[Kâ€™ is defined in header â€˜[01m[K<cstddef>[m[Kâ€™; did you forget to â€˜[01m[K#include <cstddef>[m[Kâ€™?
[0.948s]    65 | #include <debug/assertions.h>
[0.948s]   +++ |+[32m[K#include <cstddef>[m[K
[0.948s]    66 | 
[0.949s] [01m[K/usr/include/c++/11/bits/stl_iterator_base_funcs.h:116:5:[m[K [01;31m[Kerror: [m[Kâ€˜[01m[Kptrdiff_t[m[Kâ€™ does not name a type
[0.949s]   116 |     [01;31m[Kptrdiff_t[m[K
[0.949s]       |     [01;31m[K^~~~~~~~~[m[K
[0.949s] [01m[K/usr/include/c++/11/bits/stl_iterator_base_funcs.h:116:5:[m[K [01;36m[Knote: [m[Kâ€˜[01m[Kptrdiff_t[m[Kâ€™ is defined in header â€˜[01m[K<cstddef>[m[Kâ€™; did you forget to â€˜[01m[K#include <cstddef>[m[Kâ€™?
[0.949s] In file included from [01m[K/usr/include/c++/11/bits/stl_iterator.h:67[m[K,
[0.950s]                  from [01m[K/usr/include/c++/11/bits/stl_algobase.h:67[m[K,
[0.950s]                  from [01m[K/usr/include/c++/11/memory:63[m[K,
[0.950s]                  from [01m[K/home/thien/Documents/IE_ROS/Project_6/src/fun_numbers/src/fibonacci_server.cpp:2[m[K:
[0.950s] [01m[K/usr/include/c++/11/bits/ptr_traits.h:119:27:[m[K [01;31m[Kerror: [m[Kâ€˜[01m[Kptrdiff_t[m[Kâ€™ was not declared in this scope
[0.951s]   119 |         = __detected_or_t<[01;31m[Kptrdiff_t[m[K, __difference_type, _Ptr>;
[0.951s]       |                           [01;31m[K^~~~~~~~~[m[K
[0.951s] [01m[K/usr/include/c++/11/bits/ptr_traits.h:1:1:[m[K [01;36m[Knote: [m[Kâ€˜[01m[Kptrdiff_t[m[Kâ€™ is defined in header â€˜[01m[K<cstddef>[m[Kâ€™; did you forget to â€˜[01m[K#include <cstddef>[m[Kâ€™?
[0.951s]   +++ |+[32m[K#include <cstddef>[m[K
[0.951s]     1 | // Pointer Traits -*- C++ -*-
[0.952s] [01m[K/usr/include/c++/11/bits/ptr_traits.h:119:61:[m[K [01;31m[Kerror: [m[Ktemplate argument 1 is invalid
[0.952s]   119 |         = __detected_or_t<ptrdiff_t, __difference_type, _Ptr[01;31m[K>[m[K;
[0.952s]       |                                                             [01;31m[K^[m[K
[0.952s] [01m[K/usr/include/c++/11/bits/ptr_traits.h:138:15:[m[K [01;31m[Kerror: [m[Kâ€˜[01m[Kptrdiff_t[m[Kâ€™ does not name a type
[0.952s]   138 |       typedef [01;31m[Kptrdiff_t[m[K difference_type;
[0.953s]       |               [01;31m[K^~~~~~~~~[m[K
[0.953s] [01m[K/usr/include/c++/11/bits/ptr_traits.h:138:15:[m[K [01;36m[Knote: [m[Kâ€˜[01m[Kptrdiff_t[m[Kâ€™ is defined in header â€˜[01m[K<cstddef>[m[Kâ€™; did you forget to â€˜[01m[K#include <cstddef>[m[Kâ€™?
[0.957s] In file included from [01m[K/usr/include/c++/11/memory:63[m[K,
[0.957s]                  from [01m[K/home/thien/Documents/IE_ROS/Project_6/src/fun_numbers/src/fibonacci_server.cpp:2[m[K:
[0.957s] [01m[K/usr/include/c++/11/bits/stl_algobase.h:90:56:[m[K [01;31m[Kerror: [m[Kâ€˜[01m[Ksize_t[m[Kâ€™ has not been declared
[0.958s]    90 |     __memcmp(const _Tp* __first1, const _Up* __first2, [01;31m[Ksize_t[m[K __num)
[0.958s]       |                                                        [01;31m[K^~~~~~[m[K
[0.958s] [01m[K/usr/include/c++/11/bits/stl_algobase.h:[m[K In static member function â€˜[01m[Kstatic _Tp* std::__copy_move<_IsMove, true, std::random_access_iterator_tag>::__copy_m(const _Tp*, const _Tp*, _Tp*)[m[Kâ€™:
[0.958s] [01m[K/usr/include/c++/11/bits/stl_algobase.h:429:17:[m[K [01;31m[Kerror: [m[Kâ€˜[01m[Kptrdiff_t[m[Kâ€™ does not name a type
[0.959s]   429 |           const [01;31m[Kptrdiff_t[m[K _Num = __last - __first;
[0.959s]       |                 [01;31m[K^~~~~~~~~[m[K
[0.959s] [01m[K/usr/include/c++/11/bits/stl_algobase.h:72:1:[m[K [01;36m[Knote: [m[Kâ€˜[01m[Kptrdiff_t[m[Kâ€™ is defined in header â€˜[01m[K<cstddef>[m[Kâ€™; did you forget to â€˜[01m[K#include <cstddef>[m[Kâ€™?
[0.959s]    71 | #include <bits/predefined_ops.h>
[0.959s]   +++ |+[32m[K#include <cstddef>[m[K
[0.959s]    72 | #if __cplusplus >= 201103L
[0.963s] [01m[K/usr/include/c++/11/bits/stl_algobase.h:430:15:[m[K [01;31m[Kerror: [m[Kâ€˜[01m[K_Num[m[Kâ€™ was not declared in this scope
[0.964s]   430 |           if ([01;31m[K_Num[m[K)
[0.964s]       |               [01;31m[K^~~~[m[K
[0.967s] [01m[K/usr/include/c++/11/bits/stl_algobase.h:432:29:[m[K [01;31m[Kerror: [m[Kâ€˜[01m[K_Num[m[Kâ€™ was not declared in this scope
[0.967s]   432 |           return __result + [01;31m[K_Num[m[K;
[0.967s]       |                             [01;31m[K^~~~[m[K
[0.969s] [01m[K/usr/include/c++/11/bits/stl_algobase.h:[m[K In static member function â€˜[01m[Kstatic _Tp* std::__copy_move_backward<_IsMove, true, std::random_access_iterator_tag>::__copy_move_b(const _Tp*, const _Tp*, _Tp*)[m[Kâ€™:
[0.969s] [01m[K/usr/include/c++/11/bits/stl_algobase.h:740:17:[m[K [01;31m[Kerror: [m[Kâ€˜[01m[Kptrdiff_t[m[Kâ€™ does not name a type
[0.969s]   740 |           const [01;31m[Kptrdiff_t[m[K _Num = __last - __first;
[0.970s]       |                 [01;31m[K^~~~~~~~~[m[K
[0.970s] [01m[K/usr/include/c++/11/bits/stl_algobase.h:740:17:[m[K [01;36m[Knote: [m[Kâ€˜[01m[Kptrdiff_t[m[Kâ€™ is defined in header â€˜[01m[K<cstddef>[m[Kâ€™; did you forget to â€˜[01m[K#include <cstddef>[m[Kâ€™?
[0.973s] [01m[K/usr/include/c++/11/bits/stl_algobase.h:741:15:[m[K [01;31m[Kerror: [m[Kâ€˜[01m[K_Num[m[Kâ€™ was not declared in this scope
[0.973s]   741 |           if ([01;31m[K_Num[m[K)
[0.973s]       |               [01;31m[K^~~~[m[K
[0.977s] [01m[K/usr/include/c++/11/bits/stl_algobase.h:743:29:[m[K [01;31m[Kerror: [m[Kâ€˜[01m[K_Num[m[Kâ€™ was not declared in this scope
[0.978s]   743 |           return __result - [01;31m[K_Num[m[K;
[0.978s]       |                             [01;31m[K^~~~[m[K
[0.979s] [01m[K/usr/include/c++/11/bits/stl_algobase.h:[m[K In function â€˜[01m[Ktypename __gnu_cxx::__enable_if<std::__is_byte<_Tp>::__value, void>::__type std::__fill_a1(_Tp*, _Tp*, const _Tp&)[m[Kâ€™:
[0.979s] [01m[K/usr/include/c++/11/bits/stl_algobase.h:943:24:[m[K [01;31m[Kerror: [m[Kexpected initializer before â€˜[01m[K__len[m[Kâ€™
[0.979s]   943 |       if (const size_t [01;31m[K__len[m[K = __last - __first)
[0.980s]       |                        [01;31m[K^~~~~[m[K
[0.980s] [01m[K/usr/include/c++/11/bits/stl_algobase.h:943:23:[m[K [01;31m[Kerror: [m[Kexpected â€˜[01m[K)[m[Kâ€™ before â€˜[01m[K__len[m[Kâ€™
[0.980s]   943 |       if [34m[K([m[Kconst size_t[01;31m[K [m[K[32m[K__len[m[K = __last - __first)
[0.980s]       |          [34m[K~[m[K            [01;31m[K^[m[K[32m[K~~~~~[m[K
[0.980s]       |                       [32m[K)[m[K
[0.983s] [01m[K/usr/include/c++/11/bits/stl_algobase.h:944:70:[m[K [01;31m[Kerror: [m[Kâ€˜[01m[K__len[m[Kâ€™ was not declared in this scope
[0.983s]   944 |         __builtin_memset(__first, static_cast<unsigned char>(__tmp), [01;31m[K__len[m[K);
[0.983s]       |                                                                      [01;31m[K^~~~~[m[K
[0.985s] [01m[K/usr/include/c++/11/bits/stl_algobase.h:[m[K In static member function â€˜[01m[Kstatic bool std::__equal<true>::equal(const _Tp*, const _Tp*, const _Tp*)[m[Kâ€™:
[0.985s] [01m[K/usr/include/c++/11/bits/stl_algobase.h:1176:28:[m[K [01;31m[Kerror: [m[Kexpected initializer before â€˜[01m[K__len[m[Kâ€™
[0.985s]  1176 |           if (const size_t [01;31m[K__len[m[K = (__last1 - __first1))
[0.985s]       |                            [01;31m[K^~~~~[m[K
[0.985s] [01m[K/usr/include/c++/11/bits/stl_algobase.h:1176:28:[m[K [01;31m[Kerror: [m[Kexpected â€˜[01m[K)[m[Kâ€™ before â€˜[01m[K__len[m[Kâ€™
[0.986s] [01m[K/usr/include/c++/11/bits/stl_algobase.h:1176:14:[m[K [01;36m[Knote: [m[Kto match this â€˜[01m[K([m[Kâ€™
[0.986s]  1176 |           if [01;36m[K([m[Kconst size_t __len = (__last1 - __first1))
[0.986s]       |              [01;36m[K^[m[K
[0.990s] [01m[K/usr/include/c++/11/bits/stl_algobase.h:1177:55:[m[K [01;31m[Kerror: [m[Kâ€˜[01m[K__len[m[Kâ€™ was not declared in this scope
[0.990s]  1177 |             return !std::__memcmp(__first1, __first2, [01;31m[K__len[m[K);
[0.990s]       |                                                       [01;31m[K^~~~~[m[K
[0.991s] [01m[K/usr/include/c++/11/bits/stl_algobase.h:[m[K At global scope:
[0.991s] [01m[K/usr/include/c++/11/bits/stl_algobase.h:1349:16:[m[K [01;31m[Kerror: [m[Kâ€˜[01m[Kptrdiff_t[m[Kâ€™ does not name a type
[0.992s]  1349 |         static [01;31m[Kptrdiff_t[m[K
[0.992s]       |                [01;31m[K^~~~~~~~~[m[K
[0.992s] [01m[K/usr/include/c++/11/bits/stl_algobase.h:1349:16:[m[K [01;36m[Knote: [m[Kâ€˜[01m[Kptrdiff_t[m[Kâ€™ is defined in header â€˜[01m[K<cstddef>[m[Kâ€™; did you forget to â€˜[01m[K#include <cstddef>[m[Kâ€™?
[0.997s] In file included from [01m[K/usr/include/c++/11/ext/new_allocator.h:33[m[K,
[0.998s]                  from [01m[K/usr/include/x86_64-linux-gnu/c++/11/bits/c++allocator.h:33[m[K,
[0.998s]                  from [01m[K/usr/include/c++/11/bits/allocator.h:46[m[K,
[0.998s]                  from [01m[K/usr/include/c++/11/memory:64[m[K,
[0.998s]                  from [01m[K/home/thien/Documents/IE_ROS/Project_6/src/fun_numbers/src/fibonacci_server.cpp:2[m[K:
[0.999s] [01m[K/usr/include/c++/11/new:89:25:[m[K [01;31m[Kerror: [m[Kfound â€˜[01m[K:[m[Kâ€™ in nested-name-specifier, expected â€˜[01m[K::[m[Kâ€™
[0.999s]    89 |   enum class align_val_t[01;31m[K:[m[K size_t {};
[0.999s]       |                         [01;31m[K^[m[K
[0.999s]       |                         [32m[K::[m[K
[1.000s] [01m[K/usr/include/c++/11/new:89:27:[m[K [01;31m[Kerror: [m[Kâ€˜[01m[Ksize_t[m[Kâ€™ in â€˜[01m[Kenum class std::align_val_t[m[Kâ€™ does not name a type
[1.000s]    89 |   enum class align_val_t: [01;31m[Ksize_t[m[K {};
[1.000s]       |                           [01;31m[K^~~~~~[m[K
[1.000s] [01m[K/usr/include/c++/11/new:89:34:[m[K [01;31m[Kerror: [m[Kexpected unqualified-id before â€˜[01m[K{[m[Kâ€™ token
[1.000s]    89 |   enum class align_val_t: size_t [01;31m[K{[m[K};
[1.000s]       |                                  [01;31m[K^[m[K
[1.001s] [01m[K/usr/include/c++/11/new:126:26:[m[K [01;31m[Kerror: [m[Kdeclaration of â€˜[01m[Koperator new[m[Kâ€™ as non-function
[1.001s]   126 | _GLIBCXX_NODISCARD void* [01;31m[Koperator[m[K new(std::size_t) _GLIBCXX_THROW (std::bad_alloc)
[1.001s]       |                          [01;31m[K^~~~~~~~[m[K
[1.001s] [01m[K/usr/include/c++/11/new:126:44:[m[K [01;31m[Kerror: [m[Kâ€˜[01m[Ksize_t[m[Kâ€™ is not a member of â€˜[01m[Kstd[m[Kâ€™
[1.001s]   126 | _GLIBCXX_NODISCARD void* operator new(std::[01;31m[Ksize_t[m[K) _GLIBCXX_THROW (std::bad_alloc)
[1.002s]       |                                            [01;31m[K^~~~~~[m[K
[1.002s] [01m[K/usr/include/c++/11/new:127:41:[m[K [01;31m[Kerror: [m[Kattributes after parenthesized initializer ignored [[01;31m[K]8;;https://gcc.gnu.org/onlinedocs/gcc/Warning-Options.html#index-fpermissive-fpermissive]8;;[m[K]
[1.002s]   127 |   __attribute__((__externally_visible__)[01;31m[K)[m[K;
[1.002s]       |                                         [01;31m[K^[m[K
[1.003s] [01m[K/usr/include/c++/11/new:128:26:[m[K [01;31m[Kerror: [m[Kdeclaration of â€˜[01m[Koperator new [][m[Kâ€™ as non-function
[1.003s]   128 | _GLIBCXX_NODISCARD void* [01;31m[Koperator[m[K new[](std::size_t) _GLIBCXX_THROW (std::bad_alloc)
[1.003s]       |                          [01;31m[K^~~~~~~~[m[K
[1.003s] [01m[K/usr/include/c++/11/new:128:46:[m[K [01;31m[Kerror: [m[Kâ€˜[01m[Ksize_t[m[Kâ€™ is not a member of â€˜[01m[Kstd[m[Kâ€™
[1.004s]   128 | _GLIBCXX_NODISCARD void* operator new[](std::[01;31m[Ksize_t[m[K) _GLIBCXX_THROW (std::bad_alloc)
[1.004s]       |                                              [01;31m[K^~~~~~[m[K
[1.004s] [01m[K/usr/include/c++/11/new:129:41:[m[K [01;31m[Kerror: [m[Kattributes after parenthesized initializer ignored [[01;31m[K]8;;https://gcc.gnu.org/onlinedocs/gcc/Warning-Options.html#index-fpermissive-fpermissive]8;;[m[K]
[1.004s]   129 |   __attribute__((__externally_visible__)[01;31m[K)[m[K;
[1.004s]       |                                         [01;31m[K^[m[K
[1.004s] [01m[K/usr/include/c++/11/new:135:29:[m[K [01;31m[Kerror: [m[Kâ€˜[01m[Kstd::size_t[m[Kâ€™ has not been declared
[1.005s]   135 | void operator delete(void*, [01;31m[Kstd[m[K::size_t) _GLIBCXX_USE_NOEXCEPT
[1.005s]       |                             [01;31m[K^~~[m[K
[1.005s] [01m[K/usr/include/c++/11/new:137:31:[m[K [01;31m[Kerror: [m[Kâ€˜[01m[Kstd::size_t[m[Kâ€™ has not been declared
[1.005s]   137 | void operator delete[](void*, [01;31m[Kstd[m[K::size_t) _GLIBCXX_USE_NOEXCEPT
[1.005s]       |                               [01;31m[K^~~[m[K
[1.006s] [01m[K/usr/include/c++/11/new:140:26:[m[K [01;31m[Kerror: [m[Kdeclaration of â€˜[01m[Koperator new[m[Kâ€™ as non-function
[1.006s]   140 | _GLIBCXX_NODISCARD void* [01;31m[Koperator[m[K new(std::size_t, const std::nothrow_t&) _GLIBCXX_USE_NOEXCEPT
[1.006s]       |                          [01;31m[K^~~~~~~~[m[K
[1.006s] [01m[K/usr/include/c++/11/new:140:44:[m[K [01;31m[Kerror: [m[Kâ€˜[01m[Ksize_t[m[Kâ€™ is not a member of â€˜[01m[Kstd[m[Kâ€™
[1.006s]   140 | _GLIBCXX_NODISCARD void* operator new(std::[01;31m[Ksize_t[m[K, const std::nothrow_t&) _GLIBCXX_USE_NOEXCEPT
[1.006s]       |                                            [01;31m[K^~~~~~[m[K
[1.007s] [01m[K/usr/include/c++/11/new:140:52:[m[K [01;31m[Kerror: [m[Kexpected primary-expression before â€˜[01m[Kconst[m[Kâ€™
[1.007s]   140 | _GLIBCXX_NODISCARD void* operator new(std::size_t, [01;31m[Kconst[m[K std::nothrow_t&) _GLIBCXX_USE_NOEXCEPT
[1.007s]       |                                                    [01;31m[K^~~~~[m[K
[1.007s] [01m[K/usr/include/c++/11/new:142:26:[m[K [01;31m[Kerror: [m[Kdeclaration of â€˜[01m[Koperator new [][m[Kâ€™ as non-function
[1.007s]   142 | _GLIBCXX_NODISCARD void* [01;31m[Koperator[m[K new[](std::size_t, const std::nothrow_t&) _GLIBCXX_USE_NOEXCEPT
[1.007s]       |                          [01;31m[K^~~~~~~~[m[K
[1.008s] [01m[K/usr/include/c++/11/new:142:46:[m[K [01;31m[Kerror: [m[Kâ€˜[01m[Ksize_t[m[Kâ€™ is not a member of â€˜[01m[Kstd[m[Kâ€™
[1.008s]   142 | _GLIBCXX_NODISCARD void* operator new[](std::[01;31m[Ksize_t[m[K, const std::nothrow_t&) _GLIBCXX_USE_NOEXCEPT
[1.008s]       |                                              [01;31m[K^~~~~~[m[K
[1.008s] [01m[K/usr/include/c++/11/new:142:54:[m[K [01;31m[Kerror: [m[Kexpected primary-expression before â€˜[01m[Kconst[m[Kâ€™
[1.008s]   142 | _GLIBCXX_NODISCARD void* operator new[](std::size_t, [01;31m[Kconst[m[K std::nothrow_t&) _GLIBCXX_USE_NOEXCEPT
[1.008s]       |                                                      [01;31m[K^~~~~[m[K
[1.009s] [01m[K/usr/include/c++/11/new:149:26:[m[K [01;31m[Kerror: [m[Kdeclaration of â€˜[01m[Koperator new[m[Kâ€™ as non-function
[1.009s]   149 | _GLIBCXX_NODISCARD void* [01;31m[Koperator[m[K new(std::size_t, std::align_val_t)
[1.009s]       |                          [01;31m[K^~~~~~~~[m[K
[1.009s] [01m[K/usr/include/c++/11/new:149:44:[m[K [01;31m[Kerror: [m[Kâ€˜[01m[Ksize_t[m[Kâ€™ is not a member of â€˜[01m[Kstd[m[Kâ€™
[1.009s]   149 | _GLIBCXX_NODISCARD void* operator new(std::[01;31m[Ksize_t[m[K, std::align_val_t)
[1.009s]       |                                            [01;31m[K^~~~~~[m[K
[1.010s] [01m[K/usr/include/c++/11/new:149:68:[m[K [01;31m[Kerror: [m[Kexpected primary-expression before â€˜[01m[K)[m[Kâ€™ token
[1.010s]   149 | _GLIBCXX_NODISCARD void* operator new(std::size_t, std::align_val_t[01;31m[K)[m[K
[1.011s]       |                                                                    [01;31m[K^[m[K
[1.011s] [01m[K/usr/include/c++/11/new:150:73:[m[K [01;31m[Kerror: [m[Kattributes after parenthesized initializer ignored [[01;31m[K]8;;https://gcc.gnu.org/onlinedocs/gcc/Warning-Options.html#index-fpermissive-fpermissive]8;;[m[K]
[1.012s]   150 |   __attribute__((__externally_visible__, __alloc_size__ (1), __malloc__)[01;31m[K)[m[K;
[1.012s]       |                                                                         [01;31m[K^[m[K
[1.012s] [01m[K/usr/include/c++/11/new:151:26:[m[K [01;31m[Kerror: [m[Kdeclaration of â€˜[01m[Koperator new[m[Kâ€™ as non-function
[1.012s]   151 | _GLIBCXX_NODISCARD void* [01;31m[Koperator[m[K new(std::size_t, std::align_val_t, const std::nothrow_t&)
[1.013s]       |                          [01;31m[K^~~~~~~~[m[K
[1.013s] [01m[K/usr/include/c++/11/new:151:44:[m[K [01;31m[Kerror: [m[Kâ€˜[01m[Ksize_t[m[Kâ€™ is not a member of â€˜[01m[Kstd[m[Kâ€™
[1.013s]   151 | _GLIBCXX_NODISCARD void* operator new(std::[01;31m[Ksize_t[m[K, std::align_val_t, const std::nothrow_t&)
[1.013s]       |                                            [01;31m[K^~~~~~[m[K
[1.014s] [01m[K/usr/include/c++/11/new:151:68:[m[K [01;31m[Kerror: [m[Kexpected primary-expression before â€˜[01m[K,[m[Kâ€™ token
[1.014s]   151 | _GLIBCXX_NODISCARD void* operator new(std::size_t, std::align_val_t[01;31m[K,[m[K const std::nothrow_t&)
[1.014s]       |                                                                    [01;31m[K^[m[K
[1.014s] [01m[K/usr/include/c++/11/new:151:70:[m[K [01;31m[Kerror: [m[Kexpected primary-expression before â€˜[01m[Kconst[m[Kâ€™
[1.015s]   151 | _GLIBCXX_NODISCARD void* operator new(std::size_t, std::align_val_t, [01;31m[Kconst[m[K std::nothrow_t&)
[1.015s]       |                                                                      [01;31m[K^~~~~[m[K
[1.015s] [01m[K/usr/include/c++/11/new:157:26:[m[K [01;31m[Kerror: [m[Kdeclaration of â€˜[01m[Koperator new [][m[Kâ€™ as non-function
[1.016s]   157 | _GLIBCXX_NODISCARD void* [01;31m[Koperator[m[K new[](std::size_t, std::align_val_t)
[1.016s]       |                          [01;31m[K^~~~~~~~[m[K
[1.016s] [01m[K/usr/include/c++/11/new:157:46:[m[K [01;31m[Kerror: [m[Kâ€˜[01m[Ksize_t[m[Kâ€™ is not a member of â€˜[01m[Kstd[m[Kâ€™
[1.016s]   157 | _GLIBCXX_NODISCARD void* operator new[](std::[01;31m[Ksize_t[m[K, std::align_val_t)
[1.017s]       |                                              [01;31m[K^~~~~~[m[K
[1.017s] [01m[K/usr/include/c++/11/new:157:70:[m[K [01;31m[Kerror: [m[Kexpected primary-expression before â€˜[01m[K)[m[Kâ€™ token
[1.017s]   157 | _GLIBCXX_NODISCARD void* operator new[](std::size_t, std::align_val_t[01;31m[K)[m[K
[1.018s]       |                                                                      [01;31m[K^[m[K
[1.018s] [01m[K/usr/include/c++/11/new:158:73:[m[K [01;31m[Kerror: [m[Kattributes after parenthesized initializer ignored [[01;31m[K]8;;https://gcc.gnu.org/onlinedocs/gcc/Warning-Options.html#index-fpermissive-fpermissive]8;;[m[K]
[1.018s]   158 |   __attribute__((__externally_visible__, __alloc_size__ (1), __malloc__)[01;31m[K)[m[K;
[1.019s]       |                                                                         [01;31m[K^[m[K
[1.019s] [01m[K/usr/include/c++/11/new:159:26:[m[K [01;31m[Kerror: [m[Kdeclaration of â€˜[01m[Koperator new [][m[Kâ€™ as non-function
[1.019s]   159 | _GLIBCXX_NODISCARD void* [01;31m[Koperator[m[K new[](std::size_t, std::align_val_t, const std::nothrow_t&)
[1.019s]       |                          [01;31m[K^~~~~~~~[m[K
[1.020s] [01m[K/usr/include/c++/11/new:159:46:[m[K [01;31m[Kerror: [m[Kâ€˜[01m[Ksize_t[m[Kâ€™ is not a member of â€˜[01m[Kstd[m[Kâ€™
[1.020s]   159 | _GLIBCXX_NODISCARD void* operator new[](std::[01;31m[Ksize_t[m[K, std::align_val_t, const std::nothrow_t&)
[1.020s]       |                                              [01;31m[K^~~~~~[m[K
[1.020s] [01m[K/usr/include/c++/11/new:159:70:[m[K [01;31m[Kerror: [m[Kexpected primary-expression before â€˜[01m[K,[m[Kâ€™ token
[1.021s]   159 | _GLIBCXX_NODISCARD void* operator new[](std::size_t, std::align_val_t[01;31m[K,[m[K const std::nothrow_t&)
[1.021s]       |                                                                      [01;31m[K^[m[K
[1.021s] [01m[K/usr/include/c++/11/new:159:72:[m[K [01;31m[Kerror: [m[Kexpected primary-expression before â€˜[01m[Kconst[m[Kâ€™
[1.021s]   159 | _GLIBCXX_NODISCARD void* operator new[](std::size_t, std::align_val_t, [01;31m[Kconst[m[K std::nothrow_t&)
[1.022s]       |                                                                        [01;31m[K^~~~~[m[K
[1.022s] [01m[K/usr/include/c++/11/new:166:29:[m[K [01;31m[Kerror: [m[Kâ€˜[01m[Kstd::size_t[m[Kâ€™ has not been declared
[1.022s]   166 | void operator delete(void*, [01;31m[Kstd[m[K::size_t, std::align_val_t)
[1.022s]       |                             [01;31m[K^~~[m[K
[1.022s] [01m[K/usr/include/c++/11/new:168:31:[m[K [01;31m[Kerror: [m[Kâ€˜[01m[Kstd::size_t[m[Kâ€™ has not been declared
[1.023s]   168 | void operator delete[](void*, [01;31m[Kstd[m[K::size_t, std::align_val_t)
[1.023s]       |                               [01;31m[K^~~[m[K
[1.023s] [01m[K/usr/include/c++/11/new:174:33:[m[K [01;31m[Kerror: [m[Kdeclaration of â€˜[01m[Koperator new[m[Kâ€™ as non-function
[1.023s]   174 | _GLIBCXX_NODISCARD inline void* [01;31m[Koperator[m[K new(std::size_t, void* __p) _GLIBCXX_USE_NOEXCEPT
[1.024s]       |                                 [01;31m[K^~~~~~~~[m[K
[1.024s] [01m[K/usr/include/c++/11/new:174:51:[m[K [01;31m[Kerror: [m[Kâ€˜[01m[Ksize_t[m[Kâ€™ is not a member of â€˜[01m[Kstd[m[Kâ€™
[1.024s]   174 | _GLIBCXX_NODISCARD inline void* operator new(std::[01;31m[Ksize_t[m[K, void* __p) _GLIBCXX_USE_NOEXCEPT
[1.025s]       |                                                   [01;31m[K^~~~~~[m[K
[1.025s] [01m[K/usr/include/c++/11/new:174:59:[m[K [01;31m[Kerror: [m[Kexpected primary-expression before â€˜[01m[Kvoid[m[Kâ€™
[1.025s]   174 | _GLIBCXX_NODISCARD inline void* operator new(std::size_t, [01;31m[Kvoid[m[K* __p) _GLIBCXX_USE_NOEXCEPT
[1.025s]       |                                                           [01;31m[K^~~~[m[K
[1.026s] [01m[K/usr/include/c++/11/new:176:33:[m[K [01;31m[Kerror: [m[Kdeclaration of â€˜[01m[Koperator new [][m[Kâ€™ as non-function
[1.026s]   176 | _GLIBCXX_NODISCARD inline void* [01;31m[Koperator[m[K new[](std::size_t, void* __p) _GLIBCXX_USE_NOEXCEPT
[1.026s]       |                                 [01;31m[K^~~~~~~~[m[K
[1.026s] [01m[K/usr/include/c++/11/new:176:53:[m[K [01;31m[Kerror: [m[Kâ€˜[01m[Ksize_t[m[Kâ€™ is not a member of â€˜[01m[Kstd[m[Kâ€™
[1.026s]   176 | _GLIBCXX_NODISCARD inline void* operator new[](std::[01;31m[Ksize_t[m[K, void* __p) _GLIBCXX_USE_NOEXCEPT
[1.026s]       |                                                     [01;31m[K^~~~~~[m[K
[1.027s] [01m[K/usr/include/c++/11/new:176:61:[m[K [01;31m[Kerror: [m[Kexpected primary-expression before â€˜[01m[Kvoid[m[Kâ€™
[1.027s]   176 | _GLIBCXX_NODISCARD inline void* operator new[](std::size_t, [01;31m[Kvoid[m[K* __p) _GLIBCXX_USE_NOEXCEPT
[1.027s]       |                                                             [01;31m[K^~~~[m[K
[1.027s] In file included from [01m[K/usr/include/x86_64-linux-gnu/c++/11/bits/c++allocator.h:33[m[K,
[1.027s]                  from [01m[K/usr/include/c++/11/bits/allocator.h:46[m[K,
[1.027s]                  from [01m[K/usr/include/c++/11/memory:64[m[K,
[1.028s]                  from [01m[K/home/thien/Documents/IE_ROS/Project_6/src/fun_numbers/src/fibonacci_server.cpp:2[m[K:
[1.028s] [01m[K/usr/include/c++/11/ext/new_allocator.h:59:20:[m[K [01;31m[Kerror: [m[Kâ€˜[01m[Ksize_t[m[Kâ€™ in namespace â€˜[01m[Kstd[m[Kâ€™ does not name a type
[1.028s]    59 |       typedef std::[01;31m[Ksize_t[m[K     size_type;
[1.028s]       |                    [01;31m[K^~~~~~[m[K
[1.028s] [01m[K/usr/include/c++/11/ext/new_allocator.h:60:20:[m[K [01;31m[Kerror: [m[Kâ€˜[01m[Kptrdiff_t[m[Kâ€™ in namespace â€˜[01m[Kstd[m[Kâ€™ does not name a type
[1.028s]    60 |       typedef std::[01;31m[Kptrdiff_t[m[K  difference_type;
[1.029s]       |                    [01;31m[K^~~~~~~~~[m[K
[1.029s] [01m[K/usr/include/c++/11/ext/new_allocator.h:103:16:[m[K [01;31m[Kerror: [m[Kâ€˜[01m[Ksize_type[m[Kâ€™ has not been declared
[1.029s]   103 |       allocate([01;31m[Ksize_type[m[K __n, const void* = static_cast<const void*>(0))
[1.029s]       |                [01;31m[K^~~~~~~~~[m[K
[1.029s] [01m[K/usr/include/c++/11/ext/new_allocator.h:132:28:[m[K [01;31m[Kerror: [m[Kâ€˜[01m[Ksize_type[m[Kâ€™ has not been declared
[1.029s]   132 |       deallocate(_Tp* __p, [01;31m[Ksize_type[m[K __t __attribute__ ((__unused__)))
[1.030s]       |                            [01;31m[K^~~~~~~~~[m[K
[1.030s] [01m[K/usr/include/c++/11/ext/new_allocator.h:153:7:[m[K [01;31m[Kerror: [m[Kâ€˜[01m[Ksize_type[m[Kâ€™ does not name a type
[1.030s]   153 |       [01;31m[Ksize_type[m[K
[1.030s]       |       [01;31m[K^~~~~~~~~[m[K
[1.030s] [01m[K/usr/include/c++/11/ext/new_allocator.h:196:26:[m[K [01;31m[Kerror: [m[Kâ€˜[01m[Ksize_type[m[Kâ€™ does not name a type
[1.030s]   196 |       _GLIBCXX_CONSTEXPR [01;31m[Ksize_type[m[K
[1.031s]       |                          [01;31m[K^~~~~~~~~[m[K
[1.031s] [01m[K/usr/include/c++/11/ext/new_allocator.h:[m[K In member function â€˜[01m[K_Tp* __gnu_cxx::new_allocator<_Tp>::allocate(int, const void*)[m[Kâ€™:
[1.031s] [01m[K/usr/include/c++/11/ext/new_allocator.h:115:29:[m[K [01;31m[Kerror: [m[Kâ€˜[01m[Ksize_t[m[Kâ€™ is not a member of â€˜[01m[Kstd[m[Kâ€™
[1.031s]   115 |             if (__n > (std::[01;31m[Ksize_t[m[K(-1) / sizeof(_Tp)))
[1.031s]       |                             [01;31m[K^~~~~~[m[K
[1.032s] In file included from [01m[K/usr/include/c++/11/memory:64[m[K,
[1.032s]                  from [01m[K/home/thien/Documents/IE_ROS/Project_6/src/fun_numbers/src/fibonacci_server.cpp:2[m[K:
[1.032s] [01m[K/usr/include/c++/11/bits/allocator.h:[m[K At global scope:
[1.032s] [01m[K/usr/include/c++/11/bits/allocator.h:76:15:[m[K [01;31m[Kerror: [m[Kâ€˜[01m[Ksize_t[m[Kâ€™ does not name a type
[1.032s]    76 |       typedef [01;31m[Ksize_t[m[K      size_type;
[1.032s]       |               [01;31m[K^~~~~~[m[K
[1.032s] [01m[K/usr/include/c++/11/bits/allocator.h:48:1:[m[K [01;36m[Knote: [m[Kâ€˜[01m[Ksize_t[m[Kâ€™ is defined in header â€˜[01m[K<cstddef>[m[Kâ€™; did you forget to â€˜[01m[K#include <cstddef>[m[Kâ€™?
[1.033s]    47 | #include <bits/memoryfwd.h>
[1.033s]   +++ |+[32m[K#include <cstddef>[m[K
[1.033s]    48 | #if __cplusplus >= 201103L
[1.033s] [01m[K/usr/include/c++/11/bits/allocator.h:77:15:[m[K [01;31m[Kerror: [m[Kâ€˜[01m[Kptrdiff_t[m[Kâ€™ does not name a type
[1.033s]    77 |       typedef [01;31m[Kptrdiff_t[m[K   difference_type;
[1.033s]       |               [01;31m[K^~~~~~~~~[m[K
[1.034s] [01m[K/usr/include/c++/11/bits/allocator.h:77:15:[m[K [01;36m[Knote: [m[Kâ€˜[01m[Kptrdiff_t[m[Kâ€™ is defined in header â€˜[01m[K<cstddef>[m[Kâ€™; did you forget to â€˜[01m[K#include <cstddef>[m[Kâ€™?
[1.034s] [01m[K/usr/include/c++/11/bits/allocator.h:128:15:[m[K [01;31m[Kerror: [m[Kâ€˜[01m[Ksize_t[m[Kâ€™ does not name a type
[1.034s]   128 |       typedef [01;31m[Ksize_t[m[K     size_type;
[1.034s]       |               [01;31m[K^~~~~~[m[K
[1.034s] [01m[K/usr/include/c++/11/bits/allocator.h:128:15:[m[K [01;36m[Knote: [m[Kâ€˜[01m[Ksize_t[m[Kâ€™ is defined in header â€˜[01m[K<cstddef>[m[Kâ€™; did you forget to â€˜[01m[K#include <cstddef>[m[Kâ€™?
[1.034s] [01m[K/usr/include/c++/11/bits/allocator.h:129:15:[m[K [01;31m[Kerror: [m[Kâ€˜[01m[Kptrdiff_t[m[Kâ€™ does not name a type
[1.035s]   129 |       typedef [01;31m[Kptrdiff_t[m[K  difference_type;
[1.035s]       |               [01;31m[K^~~~~~~~~[m[K
[1.035s] [01m[K/usr/include/c++/11/bits/allocator.h:129:15:[m[K [01;36m[Knote: [m[Kâ€˜[01m[Kptrdiff_t[m[Kâ€™ is defined in header â€˜[01m[K<cstddef>[m[Kâ€™; did you forget to â€˜[01m[K#include <cstddef>[m[Kâ€™?
[1.035s] In file included from [01m[K/usr/include/c++/11/ext/alloc_traits.h:34[m[K,
[1.035s]                  from [01m[K/usr/include/c++/11/bits/stl_uninitialized.h:64[m[K,
[1.035s]                  from [01m[K/usr/include/c++/11/memory:66[m[K,
[1.036s]                  from [01m[K/home/thien/Documents/IE_ROS/Project_6/src/fun_numbers/src/fibonacci_server.cpp:2[m[K:
[1.036s] [01m[K/usr/include/c++/11/bits/alloc_traits.h:432:36:[m[K [01;31m[Kerror: [m[Kâ€˜[01m[Kptrdiff_t[m[Kâ€™ in namespace â€˜[01m[Kstd[m[Kâ€™ does not name a type
[1.036s]   432 |       using difference_type = std::[01;31m[Kptrdiff_t[m[K;
[1.036s]       |                                    [01;31m[K^~~~~~~~~[m[K
[1.036s] [01m[K/usr/include/c++/11/bits/alloc_traits.h:435:30:[m[K [01;31m[Kerror: [m[Kâ€˜[01m[Ksize_t[m[Kâ€™ in namespace â€˜[01m[Kstd[m[Kâ€™ does not name a type
[1.036s]   435 |       using size_type = std::[01;31m[Ksize_t[m[K;
[1.037s]       |                              [01;31m[K^~~~~~[m[K
[1.037s] [01m[K/usr/include/c++/11/bits/alloc_traits.h:463:37:[m[K [01;31m[Kerror: [m[Kâ€˜[01m[Ksize_type[m[Kâ€™ has not been declared
[1.037s]   463 |       allocate(allocator_type& __a, [01;31m[Ksize_type[m[K __n)
[1.037s]       |                                     [01;31m[K^~~~~~~~~[m[K
[1.037s] [01m[K/usr/include/c++/11/bits/alloc_traits.h:477:37:[m[K [01;31m[Kerror: [m[Kâ€˜[01m[Ksize_type[m[Kâ€™ has not been declared
[1.037s]   477 |       allocate(allocator_type& __a, [01;31m[Ksize_type[m[K __n, const_void_pointer __hint)
[1.038s]       |                                     [01;31m[K^~~~~~~~~[m[K
[1.038s] [01m[K/usr/include/c++/11/bits/alloc_traits.h:495:52:[m[K [01;31m[Kerror: [m[Kâ€˜[01m[Ksize_type[m[Kâ€™ has not been declared
[1.038s]   495 |       deallocate(allocator_type& __a, pointer __p, [01;31m[Ksize_type[m[K __n)
[1.038s]       |                                                    [01;31m[K^~~~~~~~~[m[K
[1.038s] [01m[K/usr/include/c++/11/bits/alloc_traits.h:546:35:[m[K [01;31m[Kerror: [m[Kâ€˜[01m[Ksize_type[m[Kâ€™ does not name a type; did you mean â€˜[01m[Ktrue_type[m[Kâ€™?
[1.038s]   546 |       static _GLIBCXX20_CONSTEXPR [01;31m[Ksize_type[m[K
[1.038s]       |                                   [01;31m[K^~~~~~~~~[m[K
[1.039s]       |                                   [32m[Ktrue_type[m[K
[1.039s] [01m[K/usr/include/c++/11/bits/alloc_traits.h:589:36:[m[K [01;31m[Kerror: [m[Kâ€˜[01m[Kptrdiff_t[m[Kâ€™ in namespace â€˜[01m[Kstd[m[Kâ€™ does not name a type
[1.039s]   589 |       using difference_type = std::[01;31m[Kptrdiff_t[m[K;
[1.039s]       |                                    [01;31m[K^~~~~~~~~[m[K
[1.039s] [01m[K/usr/include/c++/11/bits/alloc_traits.h:592:30:[m[K [01;31m[Kerror: [m[Kâ€˜[01m[Ksize_t[m[Kâ€™ in namespace â€˜[01m[Kstd[m[Kâ€™ does not name a type
[1.039s]   592 |       using size_type = std::[01;31m[Ksize_t[m[K;
[1.040s]       |                              [01;31m[K^~~~~~[m[K
[1.040s] [01m[K/usr/include/c++/11/bits/alloc_traits.h:614:33:[m[K [01;31m[Kerror: [m[Kâ€˜[01m[Ksize_type[m[Kâ€™ has not been declared
[1.040s]   614 |       allocate(allocator_type&, [01;31m[Ksize_type[m[K, const void* = nullptr) = delete;
[1.040s]       |                                 [01;31m[K^~~~~~~~~[m[K
[1.040s] [01m[K/usr/include/c++/11/bits/alloc_traits.h:618:42:[m[K [01;31m[Kerror: [m[Kâ€˜[01m[Ksize_type[m[Kâ€™ has not been declared
[1.041s]   618 |       deallocate(allocator_type&, void*, [01;31m[Ksize_type[m[K) = delete;
[1.041s]       |                                          [01;31m[K^~~~~~~~~[m[K
[1.041s] [01m[K/usr/include/c++/11/bits/alloc_traits.h:651:14:[m[K [01;31m[Kerror: [m[Kâ€˜[01m[Ksize_type[m[Kâ€™ does not name a type; did you mean â€˜[01m[Ktrue_type[m[Kâ€™?
[1.041s]   651 |       static [01;31m[Ksize_type[m[K
[1.041s]       |              [01;31m[K^~~~~~~~~[m[K
[1.041s]       |              [32m[Ktrue_type[m[K
[1.041s] [01m[K/usr/include/c++/11/bits/alloc_traits.h:803:58:[m[K [01;31m[Kerror: [m[Kâ€˜[01m[Ksize_t[m[Kâ€™ was not declared in this scope
[1.042s]   803 |                decltype(std::declval<_Alloc&>().allocate([01;31m[Ksize_t[m[K{}))>>
[1.042s]       |                                                          [01;31m[K^~~~~~[m[K
[1.042s] [01m[K/usr/include/c++/11/bits/alloc_traits.h:1:1:[m[K [01;36m[Knote: [m[Kâ€˜[01m[Ksize_t[m[Kâ€™ is defined in header â€˜[01m[K<cstddef>[m[Kâ€™; did you forget to â€˜[01m[K#include <cstddef>[m[Kâ€™?
[1.042s]   +++ |+[32m[K#include <cstddef>[m[K
[1.043s]     1 | // Allocator traits -*- C++ -*-
[1.043s] [01m[K/usr/include/c++/11/bits/alloc_traits.h:803:58:[m[K [01;31m[Kerror: [m[Kâ€˜[01m[Ksize_t[m[Kâ€™ was not declared in this scope
[1.043s]   803 |                decltype(std::declval<_Alloc&>().allocate([01;31m[Ksize_t[m[K{}))>>
[1.043s]       |                                                          [01;31m[K^~~~~~[m[K
[1.043s] [01m[K/usr/include/c++/11/bits/alloc_traits.h:803:58:[m[K [01;36m[Knote: [m[Kâ€˜[01m[Ksize_t[m[Kâ€™ is defined in header â€˜[01m[K<cstddef>[m[Kâ€™; did you forget to â€˜[01m[K#include <cstddef>[m[Kâ€™?
[1.043s] In file included from [01m[K/usr/include/c++/11/memory:66[m[K,
[1.044s]                  from [01m[K/home/thien/Documents/IE_ROS/Project_6/src/fun_numbers/src/fibonacci_server.cpp:2[m[K:
[1.044s] [01m[K/usr/include/c++/11/bits/stl_uninitialized.h:[m[K In function â€˜[01m[Kstd::__enable_if_t<std::__is_bitwise_relocatable<_Tp>::value, _Tp*> std::__relocate_a_1(_Tp*, _Tp*, _Tp*, std::allocator<_T2>&)[m[Kâ€™:
[1.044s] [01m[K/usr/include/c++/11/bits/stl_uninitialized.h:1009:7:[m[K [01;31m[Kerror: [m[Kâ€˜[01m[Kptrdiff_t[m[Kâ€™ was not declared in this scope
[1.044s]  1009 |       [01;31m[Kptrdiff_t[m[K __count = __last - __first;
[1.044s]       |       [01;31m[K^~~~~~~~~[m[K
[1.044s] [01m[K/usr/include/c++/11/bits/stl_uninitialized.h:65:1:[m[K [01;36m[Knote: [m[Kâ€˜[01m[Kptrdiff_t[m[Kâ€™ is defined in header â€˜[01m[K<cstddef>[m[Kâ€™; did you forget to â€˜[01m[K#include <cstddef>[m[Kâ€™?
[1.045s]    64 | #include <ext/alloc_traits.h>     // __alloc_traits
[1.045s]   +++ |+[32m[K#include <cstddef>[m[K
[1.045s]    65 | 
[1.047s] [01m[K/usr/include/c++/11/bits/stl_uninitialized.h:1010:11:[m[K [01;31m[Kerror: [m[Kâ€˜[01m[K__count[m[Kâ€™ was not declared in this scope; did you mean â€˜[01m[K__count_if[m[Kâ€™?
[1.047s]  1010 |       if ([01;31m[K__count[m[K > 0)
[1.047s]       |           [01;31m[K^~~~~~~[m[K
[1.047s]       |           [32m[K__count_if[m[K
[1.050s] [01m[K/usr/include/c++/11/bits/stl_uninitialized.h:1012:25:[m[K [01;31m[Kerror: [m[Kâ€˜[01m[K__count[m[Kâ€™ was not declared in this scope; did you mean â€˜[01m[K__count_if[m[Kâ€™?
[1.050s]  1012 |       return __result + [01;31m[K__count[m[K;
[1.050s]       |                         [01;31m[K^~~~~~~[m[K
[1.050s]       |                         [32m[K__count_if[m[K
[1.051s] In file included from [01m[K/usr/include/c++/11/memory:67[m[K,
[1.051s]                  from [01m[K/home/thien/Documents/IE_ROS/Project_6/src/fun_numbers/src/fibonacci_server.cpp:2[m[K:
[1.051s] [01m[K/usr/include/c++/11/bits/stl_tempbuf.h:[m[K At global scope:
[1.051s] [01m[K/usr/include/c++/11/bits/stl_tempbuf.h:71:33:[m[K [01;31m[Kerror: [m[Kâ€˜[01m[Ksize_t[m[Kâ€™ has not been declared
[1.051s]    71 |                                 [01;31m[Ksize_t[m[K __len __attribute__((__unused__)))
[1.052s]       |                                 [01;31m[K^~~~~~[m[K
[1.052s] [01m[K/usr/include/c++/11/bits/stl_tempbuf.h:99:16:[m[K [01;31m[Kerror: [m[Kâ€˜[01m[Kptrdiff_t[m[Kâ€™ was not declared in this scope
[1.052s]    99 |     pair<_Tp*, [01;31m[Kptrdiff_t[m[K>
[1.052s]       |                [01;31m[K^~~~~~~~~[m[K
[1.052s] [01m[K/usr/include/c++/11/bits/stl_tempbuf.h:1:1:[m[K [01;36m[Knote: [m[Kâ€˜[01m[Kptrdiff_t[m[Kâ€™ is defined in header â€˜[01m[K<cstddef>[m[Kâ€™; did you forget to â€˜[01m[K#include <cstddef>[m[Kâ€™?
[1.052s]   +++ |+[32m[K#include <cstddef>[m[K
[1.053s]     1 | // Temporary buffer implementation -*- C++ -*-
[1.053s] [01m[K/usr/include/c++/11/bits/stl_tempbuf.h:99:25:[m[K [01;31m[Kerror: [m[Ktemplate argument 2 is invalid
[1.053s]    99 |     pair<_Tp*, ptrdiff_t[01;31m[K>[m[K
[1.053s]       |                         [01;31m[K^[m[K
[1.053s] [01m[K/usr/include/c++/11/bits/stl_tempbuf.h:100:26:[m[K [01;31m[Kerror: [m[Kâ€˜[01m[Kptrdiff_t[m[Kâ€™ was not declared in this scope
[1.053s]   100 |     get_temporary_buffer([01;31m[Kptrdiff_t[m[K __len) _GLIBCXX_NOEXCEPT
[1.053s]       |                          [01;31m[K^~~~~~~~~[m[K
[1.054s] [01m[K/usr/include/c++/11/bits/stl_tempbuf.h:100:26:[m[K [01;36m[Knote: [m[Kâ€˜[01m[Kptrdiff_t[m[Kâ€™ is defined in header â€˜[01m[K<cstddef>[m[Kâ€™; did you forget to â€˜[01m[K#include <cstddef>[m[Kâ€™?
[1.054s] [01m[K/usr/include/c++/11/bits/stl_tempbuf.h:100:42:[m[K [01;31m[Kerror: [m[Kexpected â€˜[01m[K;[m[Kâ€™ before â€˜[01m[Knoexcept[m[Kâ€™
[1.054s]   100 |     get_temporary_buffer(ptrdiff_t __len)[01;31m[K [m[K_GLIBCXX_NOEXCEPT
[1.054s]       |                                          [01;31m[K^[m[K
[1.054s]       |                                          [32m[K;[m[K
[1.054s] [01m[K/usr/include/c++/11/bits/stl_tempbuf.h:145:15:[m[K [01;31m[Kerror: [m[Kâ€˜[01m[Kptrdiff_t[m[Kâ€™ does not name a type
[1.055s]   145 |       typedef [01;31m[Kptrdiff_t[m[K   size_type;
[1.055s]       |               [01;31m[K^~~~~~~~~[m[K
[1.055s] [01m[K/usr/include/c++/11/bits/stl_tempbuf.h:145:15:[m[K [01;36m[Knote: [m[Kâ€˜[01m[Kptrdiff_t[m[Kâ€™ is defined in header â€˜[01m[K<cstddef>[m[Kâ€™; did you forget to â€˜[01m[K#include <cstddef>[m[Kâ€™?
[1.055s] [01m[K/usr/include/c++/11/bits/stl_tempbuf.h:148:7:[m[K [01;31m[Kerror: [m[Kâ€˜[01m[Ksize_type[m[Kâ€™ does not name a type; did you mean â€˜[01m[Ktrue_type[m[Kâ€™?
[1.055s]   148 |       [01;31m[Ksize_type[m[K  _M_original_len;
[1.055s]       |       [01;31m[K^~~~~~~~~[m[K
[1.056s]       |       [32m[Ktrue_type[m[K
[1.056s] [01m[K/usr/include/c++/11/bits/stl_tempbuf.h:149:7:[m[K [01;31m[Kerror: [m[Kâ€˜[01m[Ksize_type[m[Kâ€™ does not name a type; did you mean â€˜[01m[Ktrue_type[m[Kâ€™?
[1.056s]   149 |       [01;31m[Ksize_type[m[K  _M_len;
[1.057s]       |       [01;31m[K^~~~~~~~~[m[K
[1.057s]       |       [32m[Ktrue_type[m[K
[1.060s] [01m[K/usr/include/c++/11/bits/stl_tempbuf.h:154:7:[m[K [01;31m[Kerror: [m[Kâ€˜[01m[Ksize_type[m[Kâ€™ does not name a type; did you mean â€˜[01m[Ktrue_type[m[Kâ€™?
[1.060s]   154 |       [01;31m[Ksize_type[m[K
[1.060s]       |       [01;31m[K^~~~~~~~~[m[K
[1.061s]       |       [32m[Ktrue_type[m[K
[1.062s] [01m[K/usr/include/c++/11/bits/stl_tempbuf.h:159:7:[m[K [01;31m[Kerror: [m[Kâ€˜[01m[Ksize_type[m[Kâ€™ does not name a type; did you mean â€˜[01m[Ktrue_type[m[Kâ€™?
[1.063s]   159 |       [01;31m[Ksize_type[m[K
[1.063s]       |       [01;31m[K^~~~~~~~~[m[K
[1.063s]       |       [32m[Ktrue_type[m[K
[1.063s] [01m[K/usr/include/c++/11/bits/stl_tempbuf.h:177:50:[m[K [01;31m[Kerror: [m[Kâ€˜[01m[Ksize_type[m[Kâ€™ has not been declared
[1.064s]   177 |       _Temporary_buffer(_ForwardIterator __seed, [01;31m[Ksize_type[m[K __original_len);
[1.064s]       |                                                  [01;31m[K^~~~~~~~~[m[K
[1.066s] [01m[K/usr/include/c++/11/bits/stl_tempbuf.h:[m[K In member function â€˜[01m[Kstd::_Temporary_buffer<_ForwardIterator, _Tp>::value_type* std::_Temporary_buffer<_ForwardIterator, _Tp>::end()[m[Kâ€™:
[1.066s] [01m[K/usr/include/c++/11/bits/stl_tempbuf.h:171:28:[m[K [01;31m[Kerror: [m[Kâ€˜[01m[K_M_len[m[Kâ€™ was not declared in this scope
[1.067s]   171 |       { return _M_buffer + [01;31m[K_M_len[m[K; }
[1.067s]       |                            [01;31m[K^~~~~~[m[K
[1.069s] [01m[K/usr/include/c++/11/bits/stl_tempbuf.h:[m[K In destructor â€˜[01m[Kstd::_Temporary_buffer<_ForwardIterator, _Tp>::~_Temporary_buffer()[m[Kâ€™:
[1.070s] [01m[K/usr/include/c++/11/bits/stl_tempbuf.h:181:46:[m[K [01;31m[Kerror: [m[Kâ€˜[01m[K_M_len[m[Kâ€™ was not declared in this scope
[1.070s]   181 |         std::_Destroy(_M_buffer, _M_buffer + [01;31m[K_M_len[m[K);
[1.070s]       |                                              [01;31m[K^~~~~~[m[K
[1.070s] [01m[K/usr/include/c++/11/bits/stl_tempbuf.h:[m[K At global scope:
[1.070s] [01m[K/usr/include/c++/11/bits/stl_tempbuf.h:258:48:[m[K [01;31m[Kerror: [m[Kâ€˜[01m[Ksize_type[m[Kâ€™ has not been declared
[1.071s]   258 |     _Temporary_buffer(_ForwardIterator __seed, [01;31m[Ksize_type[m[K __original_len)
[1.071s]       |                                                [01;31m[K^~~~~~~~~[m[K
[1.071s] [01m[K/usr/include/c++/11/bits/stl_tempbuf.h:[m[K In constructor â€˜[01m[Kstd::_Temporary_buffer<_ForwardIterator, _Tp>::_Temporary_buffer(_ForwardIterator, int)[m[Kâ€™:
[1.071s] [01m[K/usr/include/c++/11/bits/stl_tempbuf.h:259:7:[m[K [01;31m[Kerror: [m[Kclass â€˜[01m[Kstd::_Temporary_buffer<_ForwardIterator, _Tp>[m[Kâ€™ does not have any field named â€˜[01m[K_M_original_len[m[Kâ€™
[1.072s]   259 |     : [01;31m[K_M_original_len[m[K(__original_len), _M_len(0), _M_buffer(0)
[1.072s]       |       [01;31m[K^~~~~~~~~~~~~~~[m[K
[1.072s] [01m[K/usr/include/c++/11/bits/stl_tempbuf.h:259:40:[m[K [01;31m[Kerror: [m[Kclass â€˜[01m[Kstd::_Temporary_buffer<_ForwardIterator, _Tp>[m[Kâ€™ does not have any field named â€˜[01m[K_M_len[m[Kâ€™
[1.072s]   259 |     : _M_original_len(__original_len), [01;31m[K_M_len[m[K(0), _M_buffer(0)
[1.072s]       |                                        [01;31m[K^~~~~~[m[K
[1.073s] [01m[K/usr/include/c++/11/bits/stl_tempbuf.h:261:26:[m[K [01;31m[Kerror: [m[Kâ€˜[01m[Ksize_type[m[Kâ€™ was not declared in this scope; did you mean â€˜[01m[Ktrue_type[m[Kâ€™?
[1.073s]   261 |       std::pair<pointer, [01;31m[Ksize_type[m[K> __p(
[1.074s]       |                          [01;31m[K^~~~~~~~~[m[K
[1.074s]       |                          [32m[Ktrue_type[m[K
[1.074s] [01m[K/usr/include/c++/11/bits/stl_tempbuf.h:261:35:[m[K [01;31m[Kerror: [m[Ktemplate argument 2 is invalid
[1.075s]   261 |       std::pair<pointer, size_type[01;31m[K>[m[K __p(
[1.075s]       |                                   [01;31m[K^[m[K
[1.081s] [01m[K/usr/include/c++/11/bits/stl_tempbuf.h:262:55:[m[K [01;31m[Kerror: [m[Kâ€˜[01m[K_M_original_len[m[Kâ€™ was not declared in this scope; did you mean â€˜[01m[K__original_len[m[Kâ€™?
[1.081s]   262 |                 std::get_temporary_buffer<value_type>([01;31m[K_M_original_len[m[K));
[1.082s]       |                                                       [01;31m[K^~~~~~~~~~~~~~~[m[K
[1.082s]       |                                                       [32m[K__original_len[m[K
[1.082s] [01m[K/usr/include/c++/11/bits/stl_tempbuf.h:264:15:[m[K [01;31m[Kerror: [m[Krequest for member â€˜[01m[Kfirst[m[Kâ€™ in â€˜[01m[K__p[m[Kâ€™, which is of non-class type â€˜[01m[Kint[m[Kâ€™
[1.082s]   264 |       if (__p.[01;31m[Kfirst[m[K)
[1.083s]       |               [01;31m[K^~~~~[m[K
[1.083s] [01m[K/usr/include/c++/11/bits/stl_tempbuf.h:268:54:[m[K [01;31m[Kerror: [m[Krequest for member â€˜[01m[Kfirst[m[Kâ€™ in â€˜[01m[K__p[m[Kâ€™, which is of non-class type â€˜[01m[Kint[m[Kâ€™
[1.083s]   268 |               std::__uninitialized_construct_buf(__p.[01;31m[Kfirst[m[K, __p.first + __p.second,
[1.083s]       |                                                      [01;31m[K^~~~~[m[K
[1.083s] [01m[K/usr/include/c++/11/bits/stl_tempbuf.h:268:65:[m[K [01;31m[Kerror: [m[Krequest for member â€˜[01m[Kfirst[m[Kâ€™ in â€˜[01m[K__p[m[Kâ€™, which is of non-class type â€˜[01m[Kint[m[Kâ€™
[1.084s]   268 |               std::__uninitialized_construct_buf(__p.first, __p.[01;31m[Kfirst[m[K + __p.second,
[1.084s]       |                                                                 [01;31m[K^~~~~[m[K
[1.084s] [01m[K/usr/include/c++/11/bits/stl_tempbuf.h:268:77:[m[K [01;31m[Kerror: [m[Krequest for member â€˜[01m[Ksecond[m[Kâ€™ in â€˜[01m[K__p[m[Kâ€™, which is of non-class type â€˜[01m[Kint[m[Kâ€™
[1.085s]   268 |               std::__uninitialized_construct_buf(__p.first, __p.first + __p.[01;31m[Ksecond[m[K,
[1.085s]       |                                                                             [01;31m[K^~~~~~[m[K
[1.085s] [01m[K/usr/include/c++/11/bits/stl_tempbuf.h:270:31:[m[K [01;31m[Kerror: [m[Krequest for member â€˜[01m[Kfirst[m[Kâ€™ in â€˜[01m[K__p[m[Kâ€™, which is of non-class type â€˜[01m[Kint[m[Kâ€™
[1.085s]   270 |               _M_buffer = __p.[01;31m[Kfirst[m[K;
[1.086s]       |                               [01;31m[K^~~~~[m[K
[1.086s] [01m[K/usr/include/c++/11/bits/stl_tempbuf.h:271:15:[m[K [01;31m[Kerror: [m[Kâ€˜[01m[K_M_len[m[Kâ€™ was not declared in this scope
[1.086s]   271 |               [01;31m[K_M_len[m[K = __p.second;
[1.086s]       |               [01;31m[K^~~~~~[m[K
[1.087s] [01m[K/usr/include/c++/11/bits/stl_tempbuf.h:271:28:[m[K [01;31m[Kerror: [m[Krequest for member â€˜[01m[Ksecond[m[Kâ€™ in â€˜[01m[K__p[m[Kâ€™, which is of non-class type â€˜[01m[Kint[m[Kâ€™
[1.087s]   271 |               _M_len = __p.[01;31m[Ksecond[m[K;
[1.087s]       |                            [01;31m[K^~~~~~[m[K
[1.087s] [01m[K/usr/include/c++/11/bits/stl_tempbuf.h:275:60:[m[K [01;31m[Kerror: [m[Krequest for member â€˜[01m[Kfirst[m[Kâ€™ in â€˜[01m[K__p[m[Kâ€™, which is of non-class type â€˜[01m[Kint[m[Kâ€™
[1.087s]   275 |               std::__detail::__return_temporary_buffer(__p.[01;31m[Kfirst[m[K, __p.second);
[1.088s]       |                                                            [01;31m[K^~~~~[m[K
[1.088s] [01m[K/usr/include/c++/11/bits/stl_tempbuf.h:275:71:[m[K [01;31m[Kerror: [m[Krequest for member â€˜[01m[Ksecond[m[Kâ€™ in â€˜[01m[K__p[m[Kâ€™, which is of non-class type â€˜[01m[Kint[m[Kâ€™
[1.088s]   275 |               std::__detail::__return_temporary_buffer(__p.first, __p.[01;31m[Ksecond[m[K);
[1.089s]       |                                                                       [01;31m[K^~~~~~[m[K
[1.089s] In file included from [01m[K/usr/include/c++/11/memory:72[m[K,
[1.089s]                  from [01m[K/home/thien/Documents/IE_ROS/Project_6/src/fun_numbers/src/fibonacci_server.cpp:2[m[K:
[1.089s] [01m[K/usr/include/c++/11/bits/align.h:[m[K At global scope:
[1.089s] [01m[K/usr/include/c++/11/bits/align.h:62:7:[m[K [01;31m[Kerror: [m[Kâ€˜[01m[Ksize_t[m[Kâ€™ was not declared in this scope
[1.090s]    62 | align([01;31m[Ksize_t[m[K __align, size_t __size, void*& __ptr, size_t& __space) noexcept
[1.090s]       |       [01;31m[K^~~~~~[m[K
[1.090s] [01m[K/usr/include/c++/11/bits/align.h:37:1:[m[K [01;36m[Knote: [m[Kâ€˜[01m[Ksize_t[m[Kâ€™ is defined in header â€˜[01m[K<cstddef>[m[Kâ€™; did you forget to â€˜[01m[K#include <cstddef>[m[Kâ€™?
[1.090s]    36 | #include <stdint.h>     // uintptr_t
[1.090s]   +++ |+[32m[K#include <cstddef>[m[K
[1.091s]    37 | #include <debug/assertions.h> // _GLIBCXX_DEBUG_ASSERT
[1.091s] [01m[K/usr/include/c++/11/bits/align.h:62:23:[m[K [01;31m[Kerror: [m[Kâ€˜[01m[Ksize_t[m[Kâ€™ was not declared in this scope
[1.091s]    62 | align(size_t __align, [01;31m[Ksize_t[m[K __size, void*& __ptr, size_t& __space) noexcept
[1.091s]       |                       [01;31m[K^~~~~~[m[K
[1.092s] [01m[K/usr/include/c++/11/bits/align.h:62:23:[m[K [01;36m[Knote: [m[Kâ€˜[01m[Ksize_t[m[Kâ€™ is defined in header â€˜[01m[K<cstddef>[m[Kâ€™; did you forget to â€˜[01m[K#include <cstddef>[m[Kâ€™?
[1.092s] [01m[K/usr/include/c++/11/bits/align.h:62:38:[m[K [01;31m[Kerror: [m[Kexpected primary-expression before â€˜[01m[Kvoid[m[Kâ€™
[1.093s]    62 | align(size_t __align, size_t __size, [01;31m[Kvoid[m[K*& __ptr, size_t& __space) noexcept
[1.093s]       |                                      [01;31m[K^~~~[m[K
[1.093s] [01m[K/usr/include/c++/11/bits/align.h:62:52:[m[K [01;31m[Kerror: [m[Kâ€˜[01m[Ksize_t[m[Kâ€™ was not declared in this scope
[1.093s]    62 | align(size_t __align, size_t __size, void*& __ptr, [01;31m[Ksize_t[m[K& __space) noexcept
[1.093s]       |                                                    [01;31m[K^~~~~~[m[K
[1.094s] [01m[K/usr/include/c++/11/bits/align.h:62:52:[m[K [01;36m[Knote: [m[Kâ€˜[01m[Ksize_t[m[Kâ€™ is defined in header â€˜[01m[K<cstddef>[m[Kâ€™; did you forget to â€˜[01m[K#include <cstddef>[m[Kâ€™?
[1.094s] [01m[K/usr/include/c++/11/bits/align.h:62:60:[m[K [01;31m[Kerror: [m[Kâ€˜[01m[K__space[m[Kâ€™ was not declared in this scope
[1.094s]    62 | align(size_t __align, size_t __size, void*& __ptr, size_t& [01;31m[K__space[m[K) noexcept
[1.094s]       |                                                            [01;31m[K^~~~~~~[m[K
[1.095s] [01m[K/usr/include/c++/11/bits/align.h:62:67:[m[K [01;31m[Kerror: [m[Kexpression list treated as compound expression in initializer [[01;31m[K]8;;https://gcc.gnu.org/onlinedocs/gcc/Warning-Options.html#index-fpermissive-fpermissive]8;;[m[K]
[1.095s]    62 | align(size_t __align, size_t __size, void*& __ptr, size_t& __space[01;31m[K)[m[K noexcept
[1.095s]       |                                                                   [01;31m[K^[m[K
[1.096s] In file included from [01m[K/usr/include/c++/11/utility:76[m[K,
[1.096s]                  from [01m[K/usr/include/c++/11/bits/unique_ptr.h:36[m[K,
[1.096s]                  from [01m[K/usr/include/c++/11/memory:76[m[K,
[1.096s]                  from [01m[K/home/thien/Documents/IE_ROS/Project_6/src/fun_numbers/src/fibonacci_server.cpp:2[m[K:
[1.097s] [01m[K/usr/include/c++/11/initializer_list:53:15:[m[K [01;31m[Kerror: [m[Kâ€˜[01m[Ksize_t[m[Kâ€™ does not name a type
[1.097s]    53 |       typedef [01;31m[Ksize_t[m[K            size_type;
[1.097s]       |               [01;31m[K^~~~~~[m[K
[1.097s] In file included from [01m[K/usr/include/c++/11/utility:76[m[K,
[1.098s]                  from [01m[K/usr/include/c++/11/bits/unique_ptr.h:36[m[K,
[1.098s]                  from [01m[K/usr/include/c++/11/memory:76[m[K,
[1.098s]                  from [01m[K/home/thien/Documents/IE_ROS/Project_6/src/fun_numbers/src/fibonacci_server.cpp:2[m[K:
[1.098s] [01m[K/usr/include/c++/11/initializer_list:1:1:[m[K [01;36m[Knote: [m[Kâ€˜[01m[Ksize_t[m[Kâ€™ is defined in header â€˜[01m[K<cstddef>[m[Kâ€™; did you forget to â€˜[01m[K#include <cstddef>[m[Kâ€™?
[1.099s]   +++ |+[32m[K#include <cstddef>[m[K
[1.099s]     1 | // std::initializer_list support -*- C++ -*-
[1.100s] In file included from [01m[K/usr/include/c++/11/utility:76[m[K,
[1.100s]                  from [01m[K/usr/include/c++/11/bits/unique_ptr.h:36[m[K,
[1.101s]                  from [01m[K/usr/include/c++/11/memory:76[m[K,
[1.101s]                  from [01m[K/home/thien/Documents/IE_ROS/Project_6/src/fun_numbers/src/fibonacci_server.cpp:2[m[K:
[1.101s] [01m[K/usr/include/c++/11/initializer_list:59:7:[m[K [01;31m[Kerror: [m[Kâ€˜[01m[Ksize_type[m[Kâ€™ does not name a type; did you mean â€˜[01m[Ktrue_type[m[Kâ€™?
[1.101s]    59 |       [01;31m[Ksize_type[m[K                 _M_len;
[1.101s]       |       [01;31m[K^~~~~~~~~[m[K
[1.101s]       |       [32m[Ktrue_type[m[K
[1.102s] [01m[K/usr/include/c++/11/initializer_list:62:54:[m[K [01;31m[Kerror: [m[Kâ€˜[01m[Ksize_type[m[Kâ€™ has not been declared
[1.102s]    62 |       constexpr initializer_list(const_iterator __a, [01;31m[Ksize_type[m[K __l)
[1.102s]       |                                                      [01;31m[K^~~~~~~~~[m[K
[1.104s] [01m[K/usr/include/c++/11/initializer_list:70:17:[m[K [01;31m[Kerror: [m[Kâ€˜[01m[Ksize_type[m[Kâ€™ does not name a type; did you mean â€˜[01m[Ktrue_type[m[Kâ€™?
[1.104s]    70 |       constexpr [01;31m[Ksize_type[m[K
[1.104s]       |                 [01;31m[K^~~~~~~~~[m[K
[1.105s]       |                 [32m[Ktrue_type[m[K
[1.105s] [01m[K/usr/include/c++/11/initializer_list:47:11:[m[K [01;31m[Kfatal error: [m[Kdefinition of â€˜[01m[Kclass std::initializer_list<_E>[m[Kâ€™ does not match â€˜[01m[K#include <initializer_list>[m[Kâ€™
[1.105s]    47 |     class [01;31m[Kinitializer_list[m[K
[1.105s]       |           [01;31m[K^~~~~~~~~~~~~~~~[m[K
[1.105s] compilation terminated.
[1.119s] gmake[2]: *** [CMakeFiles/fibonacci_server.dir/build.make:76: CMakeFiles/fibonacci_server.dir/src/fibonacci_server.cpp.o] Error 1
[1.119s] gmake[1]: *** [CMakeFiles/Makefile2:165: CMakeFiles/fibonacci_server.dir/all] Error 2
[1.120s] gmake: *** [Makefile:146: all] Error 2
[1.126s] Invoked command in '/home/thien/Documents/IE_ROS/Project_6/build/fun_numbers' returned '2': CMAKE_PREFIX_PATH=/home/thien/Documents/IE_ROS/Project_6/install/number_actions:/home/thien/Documents/IE_ROS/Project_6/install/fun_numbers:/opt/ros/humble /usr/bin/cmake --build /home/thien/Documents/IE_ROS/Project_6/build/fun_numbers -- -j8 -l8
